/root/gpufree-data/linziyao/VoxG/utils.py:59: RuntimeWarning: divide by zero encountered in power
  d_inv_sqrt = np.power(rowsum, -0.5).flatten()
/root/gpufree-data/linziyao/VoxG/utils.py:59: RuntimeWarning: divide by zero encountered in power
  d_inv_sqrt = np.power(rowsum, -0.5).flatten()
Training Counter({0: 2086, 1: 242})
Test Counter({0: 35701, 1: 3879})
Training rate 1
{"epoch": 0, "loss": 0.6935380101203918, "val_auc": 0.7195419222812711, "val_ap": 0.1785498828506331, "test_auc": 0.7197088484743084, "test_ap": 0.18527435326836836, "best_val_auc": 0.7195419222812711, "best_val_ap": 0.1785498828506331, "best_test_auc": 0.7197088484743084, "best_test_ap": 0.18527435326836836}
{"epoch": 10, "loss": 0.6930820941925049, "val_auc": 0.673931991653886, "val_ap": 0.13601033847891902, "test_auc": 0.6776495855169131, "test_ap": 0.1463432991582971, "best_val_auc": 0.7195419222812711, "best_val_ap": 0.1785498828506331, "best_test_auc": 0.7197088484743084, "best_test_ap": 0.18527435326836836}
{"epoch": 20, "loss": 0.6929888725280762, "val_auc": 0.676537087152691, "val_ap": 0.1372283781187299, "test_auc": 0.6669680115589232, "test_ap": 0.14135127982974055, "best_val_auc": 0.7195419222812711, "best_val_ap": 0.1785498828506331, "best_test_auc": 0.7197088484743084, "best_test_ap": 0.18527435326836836}
{"epoch": 30, "loss": 0.6928646564483643, "val_auc": 0.5906165847808253, "val_ap": 0.10382168181206765, "test_auc": 0.5727458080247563, "test_ap": 0.10388718732467413, "best_val_auc": 0.7195419222812711, "best_val_ap": 0.1785498828506331, "best_test_auc": 0.7197088484743084, "best_test_ap": 0.18527435326836836}
{"epoch": 40, "loss": 0.6927192211151123, "val_auc": 0.5249550259478547, "val_ap": 0.08713770818775357, "test_auc": 0.5084081698603276, "test_ap": 0.09056395966534989, "best_val_auc": 0.7195419222812711, "best_val_ap": 0.1785498828506331, "best_test_auc": 0.7197088484743084, "best_test_ap": 0.18527435326836836}
{"epoch": 50, "loss": 0.6924971342086792, "val_auc": 0.44200186360880267, "val_ap": 0.07440235939310028, "test_auc": 0.4153797525131011, "test_ap": 0.07648978332682867, "best_val_auc": 0.7195419222812711, "best_val_ap": 0.1785498828506331, "best_test_auc": 0.7197088484743084, "best_test_ap": 0.18527435326836836}
{"epoch": 60, "loss": 0.6929146647453308, "val_auc": 0.538852398170275, "val_ap": 0.08970339273981498, "test_auc": 0.5183123084406631, "test_ap": 0.09212676714017083, "best_val_auc": 0.7195419222812711, "best_val_ap": 0.1785498828506331, "best_test_auc": 0.7197088484743084, "best_test_ap": 0.18527435326836836}
{"epoch": 70, "loss": 0.6924558281898499, "val_auc": 0.5399271498377144, "val_ap": 0.09027177476805336, "test_auc": 0.5257866496071006, "test_ap": 0.09333980750341168, "best_val_auc": 0.7195419222812711, "best_val_ap": 0.1785498828506331, "best_test_auc": 0.7197088484743084, "best_test_ap": 0.18527435326836836}
{"epoch": 80, "loss": 0.692183256149292, "val_auc": 0.40526748136391194, "val_ap": 0.07124088203434505, "test_auc": 0.3753948636977513, "test_ap": 0.07239654937669923, "best_val_auc": 0.7195419222812711, "best_val_ap": 0.1785498828506331, "best_test_auc": 0.7197088484743084, "best_test_ap": 0.18527435326836836}
{"epoch": 90, "loss": 0.6923807263374329, "val_auc": 0.4288640903092343, "val_ap": 0.0730098857538391, "test_auc": 0.41257284342928446, "test_ap": 0.07633096370834419, "best_val_auc": 0.7195419222812711, "best_val_ap": 0.1785498828506331, "best_test_auc": 0.7197088484743084, "best_test_ap": 0.18527435326836836}
{"epoch": 100, "loss": 0.6916863322257996, "val_auc": 0.4607485755430324, "val_ap": 0.07686596769262496, "test_auc": 0.4479337166738736, "test_ap": 0.0806642516377492, "best_val_auc": 0.7195419222812711, "best_val_ap": 0.1785498828506331, "best_test_auc": 0.7197088484743084, "best_test_ap": 0.18527435326836836}
{"epoch": 110, "loss": 0.6918086409568787, "val_auc": 0.5615899302707137, "val_ap": 0.09536670680997404, "test_auc": 0.554834411806709, "test_ap": 0.10020722936509925, "best_val_auc": 0.7195419222812711, "best_val_ap": 0.1785498828506331, "best_test_auc": 0.7197088484743084, "best_test_ap": 0.18527435326836836}
{"epoch": 120, "loss": 0.692923903465271, "val_auc": 0.4458664554873917, "val_ap": 0.07597997274702283, "test_auc": 0.4471518836819619, "test_ap": 0.08030627926708614, "best_val_auc": 0.7195419222812711, "best_val_ap": 0.1785498828506331, "best_test_auc": 0.7197088484743084, "best_test_ap": 0.18527435326836836}
{"epoch": 130, "loss": 0.6918396949768066, "val_auc": 0.38286488613261044, "val_ap": 0.06822473892678346, "test_auc": 0.37822525199791956, "test_ap": 0.07257528477029938, "best_val_auc": 0.7195419222812711, "best_val_ap": 0.1785498828506331, "best_test_auc": 0.7197088484743084, "best_test_ap": 0.18527435326836836}
{"epoch": 140, "loss": 0.6918618679046631, "val_auc": 0.4032592533972964, "val_ap": 0.07082553096119963, "test_auc": 0.4040340774233857, "test_ap": 0.07626288199399456, "best_val_auc": 0.7195419222812711, "best_val_ap": 0.1785498828506331, "best_test_auc": 0.7197088484743084, "best_test_ap": 0.18527435326836836}
{"epoch": 150, "loss": 0.6915925741195679, "val_auc": 0.47089002924706636, "val_ap": 0.07914812599432, "test_auc": 0.48047806240740326, "test_ap": 0.08601693405796959, "best_val_auc": 0.7195419222812711, "best_val_ap": 0.1785498828506331, "best_test_auc": 0.7197088484743084, "best_test_ap": 0.18527435326836836}
{"epoch": 160, "loss": 0.6914950609207153, "val_auc": 0.6602029238149588, "val_ap": 0.13166672428721074, "test_auc": 0.6750577298797431, "test_ap": 0.14770280031695424, "best_val_auc": 0.7195419222812711, "best_val_ap": 0.1785498828506331, "best_test_auc": 0.7197088484743084, "best_test_ap": 0.18527435326836836}
{"epoch": 170, "loss": 0.6913248300552368, "val_auc": 0.6176057531119592, "val_ap": 0.10979696107029972, "test_auc": 0.5938997009903926, "test_ap": 0.11011654578466963, "best_val_auc": 0.7195419222812711, "best_val_ap": 0.1785498828506331, "best_test_auc": 0.7197088484743084, "best_test_ap": 0.18527435326836836}
{"epoch": 180, "loss": 0.6914557814598083, "val_auc": 0.5976134772800228, "val_ap": 0.10400654439123333, "test_auc": 0.6023528471075384, "test_ap": 0.11334176483491647, "best_val_auc": 0.7195419222812711, "best_val_ap": 0.1785498828506331, "best_test_auc": 0.7197088484743084, "best_test_ap": 0.18527435326836836}
{"epoch": 190, "loss": 0.6913849711418152, "val_auc": 0.3562006232835182, "val_ap": 0.06620833313957575, "test_auc": 0.34441748396399846, "test_ap": 0.07021075574830357, "best_val_auc": 0.7195419222812711, "best_val_ap": 0.1785498828506331, "best_test_auc": 0.7197088484743084, "best_test_ap": 0.18527435326836836}
{"epoch": 200, "loss": 0.6913520097732544, "val_auc": 0.551897938438492, "val_ap": 0.09349537690013746, "test_auc": 0.5659870828999174, "test_ap": 0.1033235333261615, "best_val_auc": 0.7195419222812711, "best_val_ap": 0.1785498828506331, "best_test_auc": 0.7197088484743084, "best_test_ap": 0.18527435326836836}
FINAL {
  "dataset": "elliptic",
  "seed": 0,
  "objective_mode": "target_ref_guided",
  "config": {
    "dataset": "elliptic",
    "device": 6,
    "seed": 0,
    "train_rate": 0.05,
    "num_epoch": 200,
    "descriptor_mode": "hop_attr",
    "pn_estimator": "pca_residual",
    "gn_mode": "label_gate",
    "ln_mode": "descriptor_similarity",
    "ga_mode": "normal_soft_or",
    "la_mode": "descriptor_similarity",
    "reference_mode": "dual_reference",
    "ablation_mode": "full",
    "normal_k": 4,
    "anom_k": 16,
    "pp_k": 6,
    "hops": 2,
    "rw_steps": 8,
    "pca_components": 32,
    "lr": 0.001,
    "weight_decay": 0.0,
    "pseudo_beta": 0.3,
    "pseudo_noise": 0.01,
    "embedding_dim": 256,
    "GT_ffn_dim": 256,
    "GT_dropout": 0.4,
    "GT_attention_dropout": 0.4,
    "GT_num_heads": 2,
    "GT_num_layers": 3,
    "sample_rate": 0.15,
    "mean": 0.02,
    "var": 0.01,
    "outlier_beta": 0.3,
    "ring_R_max": 1.0,
    "ring_R_min": 0.3,
    "lambda_rec_tok": 1.0,
    "lambda_rec_emb": 0.1,
    "encode_batch_size": 64,
    "wandb": false,
    "dry_run": false,
    "out": "/root/gpufree-data/linziyao/VoxG/nexus/investigations/2026-04-30-reference-guided-pseudo-anomaly/experiments/outputs/phase1/elliptic__target_ref_guided.json",
    "objective_mode": "target_ref_guided"
  },
  "best": {
    "val_auc": 0.7195419222812711,
    "val_ap": 0.1785498828506331,
    "test_auc": 0.7197088484743084,
    "test_ap": 0.18527435326836836,
    "epoch": 0
  },
  "purity": {
    "normal_ref_normal_ratio": 1.0,
    "anom_ref_anom_ratio": 0.10741130487071557,
    "anom_ref_anom_ratio_on_anom_nodes": 0.6836908690869087
  },
  "time_sec": 830.5909414291382
}
