START photo full
 "best_val_auc": 0.6077286135693215, "best_val_ap": 0.13112889845108902, "best_test_auc": 0.5799348484605645, "best_test_ap": 0.1208995940998783}
{"epoch": 170, "loss": 0.6768713593482971, "val_auc": 0.5344542772861357, "val_ap": 0.10444291996186703, "test_auc": 0.5591411067175576, "test_ap": 0.10096887165465745, "best_val_auc": 0.6077286135693215, "best_val_ap": 0.13112889845108902, "best_test_auc": 0.5799348484605645, "best_test_ap": 0.1208995940998783}
{"epoch": 180, "loss": 0.6694488525390625, "val_auc": 0.5127826941986233, "val_ap": 0.0976122867817136, "test_auc": 0.5491137971063604, "test_ap": 0.0969900115243274, "best_val_auc": 0.6077286135693215, "best_val_ap": 0.13112889845108902, "best_test_auc": 0.5799348484605645, "best_test_ap": 0.1208995940998783}
{"epoch": 190, "loss": 0.6644969582557678, "val_auc": 0.4988593903638151, "val_ap": 0.10897912380039351, "test_auc": 0.5097252210069353, "test_ap": 0.09268593431517638, "best_val_auc": 0.6077286135693215, "best_val_ap": 0.13112889845108902, "best_test_auc": 0.5799348484605645, "best_test_ap": 0.1208995940998783}
{"epoch": 200, "loss": 0.6701112389564514, "val_auc": 0.49754178957718787, "val_ap": 0.10156900458308017, "test_auc": 0.4938531909486184, "test_ap": 0.09148436377185498, "best_val_auc": 0.6077286135693215, "best_val_ap": 0.13112889845108902, "best_test_auc": 0.5799348484605645, "best_test_ap": 0.1208995940998783}
FINAL {
  "dataset": "photo",
  "seed": 0,
  "config": {
    "dataset": "photo",
    "device": 4,
    "seed": 0,
    "train_rate": 0.05,
    "num_epoch": 200,
    "descriptor_mode": "hop_attr",
    "pn_estimator": "pca_residual",
    "gn_mode": "label_gate",
    "ln_mode": "descriptor_similarity",
    "ga_mode": "normal_rejection",
    "la_mode": "residual_cosine",
    "reference_mode": "dual_reference",
    "ablation_mode": "full",
    "normal_k": 4,
    "anom_k": 16,
    "pp_k": 6,
    "hops": 2,
    "rw_steps": 8,
    "pca_components": 32,
    "lr": 0.001,
    "weight_decay": 0.0,
    "pseudo_beta": 0.3,
    "pseudo_noise": 0.01,
    "embedding_dim": 256,
    "GT_ffn_dim": 256,
    "GT_dropout": 0.4,
    "GT_attention_dropout": 0.4,
    "GT_num_heads": 2,
    "GT_num_layers": 3,
    "sample_rate": 0.15,
    "mean": 0.02,
    "var": 0.01,
    "outlier_beta": 0.3,
    "ring_R_max": 1.0,
    "ring_R_min": 0.3,
    "lambda_rec_tok": 1.0,
    "lambda_rec_emb": 0.1,
    "encode_batch_size": 1024,
    "wandb": true,
    "dry_run": false,
    "out": "/root/gpufree-data/linziyao/VoxG/nexus/investigations/2026-04-27-global-ga-score/experiments/outputs/tokenization_theory_mini_gt_best_ablation/photo__full.json"
  },
  "best": {
    "val_auc": 0.6077286135693215,
    "val_ap": 0.13112889845108902,
    "test_auc": 0.5799348484605645,
    "test_ap": 0.1208995940998783,
    "epoch": 0
  },
  "purity": {
    "normal_ref_normal_ratio": 1.0,
    "anom_ref_anom_ratio": 0.16084107498341074,
    "anom_ref_anom_ratio_on_anom_nodes": 0.6653832378223495
  },
  "time_sec": 32.453739643096924
}

wandb: [wandb.login()] Loaded credentials for https://api.wandb.ai from /root/gpufree-data/linziyao/.netrc.
wandb: Currently logged in as: jerryyoursister (Senyao) to https://api.wandb.ai. Use `wandb login --relogin` to force relogin
wandb: setting up run 8s6geylf
wandb: Tracking run with wandb version 0.25.0
wandb: Run data is saved locally in /root/gpufree-data/linziyao/VoxG/wandb/run-20260429_131115-8s6geylf
wandb: Run `wandb offline` to turn off syncing.
wandb: Syncing run tokgt_photo_hop_attr_pca_residual_normal_rejection_full
wandb: ‚≠źÔłŹ View project at https://wandb.ai/HCCS/VoxG
wandb: ūüöÄ View run at https://wandb.ai/HCCS/VoxG/runs/8s6geylf
wandb: updating run metadata
wandb: uploading output.log; uploading wandb-summary.json; uploading config.yaml
wandb: 
wandb: Run history:
wandb:  best_test_ap ‚ĖĀ‚ĖĀ‚ĖĀ‚ĖĀ‚ĖĀ‚ĖĀ‚ĖĀ‚ĖĀ‚ĖĀ‚ĖĀ‚ĖĀ‚ĖĀ‚ĖĀ‚ĖĀ‚ĖĀ‚ĖĀ‚ĖĀ‚ĖĀ‚ĖĀ‚ĖĀ‚ĖĀ
wandb: best_test_auc ‚ĖĀ‚ĖĀ‚ĖĀ‚ĖĀ‚ĖĀ‚ĖĀ‚ĖĀ‚ĖĀ‚ĖĀ‚ĖĀ‚ĖĀ‚ĖĀ‚ĖĀ‚ĖĀ‚ĖĀ‚ĖĀ‚ĖĀ‚ĖĀ‚ĖĀ‚ĖĀ‚ĖĀ
wandb:   best_val_ap ‚ĖĀ‚ĖĀ‚ĖĀ‚ĖĀ‚ĖĀ‚ĖĀ‚ĖĀ‚ĖĀ‚ĖĀ‚ĖĀ‚ĖĀ‚ĖĀ‚ĖĀ‚ĖĀ‚ĖĀ‚ĖĀ‚ĖĀ‚ĖĀ‚ĖĀ‚ĖĀ‚ĖĀ
wandb:  best_val_auc ‚ĖĀ‚ĖĀ‚ĖĀ‚ĖĀ‚ĖĀ‚ĖĀ‚ĖĀ‚ĖĀ‚ĖĀ‚ĖĀ‚ĖĀ‚ĖĀ‚ĖĀ‚ĖĀ‚ĖĀ‚ĖĀ‚ĖĀ‚ĖĀ‚ĖĀ‚ĖĀ‚ĖĀ
wandb:         epoch ‚ĖĀ‚ĖĀ‚Ėā‚Ėā‚Ėā‚ĖÉ‚ĖÉ‚ĖÉ‚ĖĄ‚ĖĄ‚ĖÖ‚ĖÖ‚ĖÖ‚ĖÜ‚ĖÜ‚ĖÜ‚Ėá‚Ėá‚Ėá‚Ėą‚Ėą
wandb:          loss ‚Ėą‚Ėą‚Ėą‚Ėá‚Ėá‚Ėá‚Ėá‚ĖÜ‚Ėá‚ĖÖ‚ĖÖ‚ĖÖ‚ĖÖ‚ĖÉ‚Ėą‚ĖÜ‚ĖÖ‚ĖĄ‚Ėā‚ĖĀ‚Ėā
wandb:       test_ap ‚ĖÜ‚ĖÉ‚Ėā‚ĖÜ‚Ėā‚Ėą‚ĖĀ‚Ėā‚Ėā‚Ėā‚ĖÉ‚Ėā‚ĖÉ‚Ėā‚ĖÉ‚ĖÉ‚ĖÉ‚ĖĄ‚ĖÉ‚ĖÉ‚ĖÉ
wandb:      test_auc ‚Ėá‚ĖÖ‚ĖÉ‚Ėą‚ĖĄ‚Ėą‚ĖĀ‚ĖÉ‚ĖĄ‚ĖĄ‚ĖÖ‚ĖĄ‚ĖÖ‚ĖĄ‚ĖÜ‚ĖĄ‚ĖÖ‚ĖÜ‚ĖÜ‚ĖĄ‚ĖÉ
wandb:        val_ap ‚Ėą‚ĖÜ‚Ėā‚Ėá‚Ėā‚Ėá‚ĖĀ‚ĖĄ‚Ėā‚Ėā‚ĖÉ‚ĖĀ‚ĖÉ‚Ėā‚ĖĄ‚Ėā‚Ėā‚ĖĄ‚ĖÉ‚ĖĄ‚ĖÉ
wandb:       val_auc ‚Ėą‚ĖÖ‚ĖÉ‚ĖÜ‚Ėā‚ĖÜ‚ĖĀ‚ĖĄ‚ĖĄ‚Ėā‚ĖĄ‚Ėā‚ĖĄ‚Ėā‚ĖÖ‚ĖÉ‚ĖÉ‚ĖÖ‚ĖĄ‚ĖĄ‚ĖĄ
wandb: 
wandb: Run summary:
wandb:               anom_ref_anom_ratio 0.16084
wandb: anom_ref_anom_ratio_on_anom_nodes 0.66538
wandb:                      best_test_ap 0.1209
wandb:                     best_test_auc 0.57993
wandb:                       best_val_ap 0.13113
wandb:                      best_val_auc 0.60773
wandb:                             epoch 200
wandb:                              loss 0.67011
wandb:           normal_ref_normal_ratio 1
wandb:                           test_ap 0.09148
wandb:                                +3 ...
wandb: 
wandb: ūüöÄ View run tokgt_photo_hop_attr_pca_residual_normal_rejection_full at: https://wandb.ai/HCCS/VoxG/runs/8s6geylf
wandb: ‚≠źÔłŹ View project at: https://wandb.ai/HCCS/VoxG
wandb: Synced 5 W&B file(s), 0 media file(s), 0 artifact file(s) and 0 other file(s)
wandb: Find logs at: ./wandb/run-20260429_131115-8s6geylf/logs

START photo no_ra
": 0.08971964645139034, "best_val_auc": 0.5698721730580137, "best_val_ap": 0.14407736893691303, "best_test_auc": 0.5111156013380622, "best_test_ap": 0.09851091581992488}
{"epoch": 170, "loss": 0.5930864810943604, "val_auc": 0.4578957718780728, "val_ap": 0.0975383795559539, "test_auc": 0.44686274330224773, "test_ap": 0.08118763370062303, "best_val_auc": 0.5698721730580137, "best_val_ap": 0.14407736893691303, "best_test_auc": 0.5111156013380622, "best_test_ap": 0.09851091581992488}
{"epoch": 180, "loss": 0.2691115736961365, "val_auc": 0.45801376597836774, "val_ap": 0.0998937489869296, "test_auc": 0.4576394787876845, "test_ap": 0.083575205257375, "best_val_auc": 0.5698721730580137, "best_val_ap": 0.14407736893691303, "best_test_auc": 0.5111156013380622, "best_test_ap": 0.09851091581992488}
{"epoch": 190, "loss": 0.2601553499698639, "val_auc": 0.5533235004916421, "val_ap": 0.12148629577746435, "test_auc": 0.48787581482354936, "test_ap": 0.0921940173105119, "best_val_auc": 0.5698721730580137, "best_val_ap": 0.14407736893691303, "best_test_auc": 0.5111156013380622, "best_test_ap": 0.09851091581992488}
{"epoch": 200, "loss": 0.2076122760772705, "val_auc": 0.5511111111111111, "val_ap": 0.1159770970344496, "test_auc": 0.48352450824382776, "test_ap": 0.09110245198415179, "best_val_auc": 0.5698721730580137, "best_val_ap": 0.14407736893691303, "best_test_auc": 0.5111156013380622, "best_test_ap": 0.09851091581992488}
FINAL {
  "dataset": "photo",
  "seed": 0,
  "config": {
    "dataset": "photo",
    "device": 4,
    "seed": 0,
    "train_rate": 0.05,
    "num_epoch": 200,
    "descriptor_mode": "hop_attr",
    "pn_estimator": "pca_residual",
    "gn_mode": "label_gate",
    "ln_mode": "descriptor_similarity",
    "ga_mode": "normal_rejection",
    "la_mode": "residual_cosine",
    "reference_mode": "dual_reference",
    "ablation_mode": "no_ra",
    "normal_k": 4,
    "anom_k": 16,
    "pp_k": 6,
    "hops": 2,
    "rw_steps": 8,
    "pca_components": 32,
    "lr": 0.001,
    "weight_decay": 0.0,
    "pseudo_beta": 0.3,
    "pseudo_noise": 0.01,
    "embedding_dim": 256,
    "GT_ffn_dim": 256,
    "GT_dropout": 0.4,
    "GT_attention_dropout": 0.4,
    "GT_num_heads": 2,
    "GT_num_layers": 3,
    "sample_rate": 0.15,
    "mean": 0.02,
    "var": 0.01,
    "outlier_beta": 0.3,
    "ring_R_max": 1.0,
    "ring_R_min": 0.3,
    "lambda_rec_tok": 1.0,
    "lambda_rec_emb": 0.1,
    "encode_batch_size": 1024,
    "wandb": true,
    "dry_run": false,
    "out": "/root/gpufree-data/linziyao/VoxG/nexus/investigations/2026-04-27-global-ga-score/experiments/outputs/tokenization_theory_mini_gt_best_ablation/photo__no_ra.json"
  },
  "best": {
    "val_auc": 0.5698721730580137,
    "val_ap": 0.14407736893691303,
    "test_auc": 0.5111156013380622,
    "test_ap": 0.09851091581992488,
    "epoch": 10
  },
  "purity": {
    "normal_ref_normal_ratio": 1.0,
    "anom_ref_anom_ratio": 0.0,
    "anom_ref_anom_ratio_on_anom_nodes": 0.0
  },
  "time_sec": 32.366464614868164
}

wandb: [wandb.login()] Loaded credentials for https://api.wandb.ai from /root/gpufree-data/linziyao/.netrc.
wandb: Currently logged in as: jerryyoursister (Senyao) to https://api.wandb.ai. Use `wandb login --relogin` to force relogin
wandb: setting up run fzyfyrs8
wandb: Tracking run with wandb version 0.25.0
wandb: Run data is saved locally in /root/gpufree-data/linziyao/VoxG/wandb/run-20260429_131206-fzyfyrs8
wandb: Run `wandb offline` to turn off syncing.
wandb: Syncing run tokgt_photo_hop_attr_pca_residual_normal_rejection_no_ra
wandb: ‚≠źÔłŹ View project at https://wandb.ai/HCCS/VoxG
wandb: ūüöÄ View run at https://wandb.ai/HCCS/VoxG/runs/fzyfyrs8
wandb: updating run metadata
wandb: uploading output.log; uploading wandb-summary.json; uploading config.yaml
wandb: uploading history steps 17-20, summary, console lines 18-80
wandb: 
wandb: Run history:
wandb:  best_test_ap ‚ĖĀ‚Ėą‚Ėą‚Ėą‚Ėą‚Ėą‚Ėą‚Ėą‚Ėą‚Ėą‚Ėą‚Ėą‚Ėą‚Ėą‚Ėą‚Ėą‚Ėą‚Ėą‚Ėą‚Ėą‚Ėą
wandb: best_test_auc ‚ĖĀ‚Ėą‚Ėą‚Ėą‚Ėą‚Ėą‚Ėą‚Ėą‚Ėą‚Ėą‚Ėą‚Ėą‚Ėą‚Ėą‚Ėą‚Ėą‚Ėą‚Ėą‚Ėą‚Ėą‚Ėą
wandb:   best_val_ap ‚ĖĀ‚Ėą‚Ėą‚Ėą‚Ėą‚Ėą‚Ėą‚Ėą‚Ėą‚Ėą‚Ėą‚Ėą‚Ėą‚Ėą‚Ėą‚Ėą‚Ėą‚Ėą‚Ėą‚Ėą‚Ėą
wandb:  best_val_auc ‚ĖĀ‚Ėą‚Ėą‚Ėą‚Ėą‚Ėą‚Ėą‚Ėą‚Ėą‚Ėą‚Ėą‚Ėą‚Ėą‚Ėą‚Ėą‚Ėą‚Ėą‚Ėą‚Ėą‚Ėą‚Ėą
wandb:         epoch ‚ĖĀ‚ĖĀ‚Ėā‚Ėā‚Ėā‚ĖÉ‚ĖÉ‚ĖÉ‚ĖĄ‚ĖĄ‚ĖÖ‚ĖÖ‚ĖÖ‚ĖÜ‚ĖÜ‚ĖÜ‚Ėá‚Ėá‚Ėá‚Ėą‚Ėą
wandb:          loss ‚Ėą‚Ėą‚Ėą‚Ėą‚Ėą‚Ėą‚Ėą‚Ėą‚Ėá‚Ėá‚Ėá‚ĖÜ‚ĖÜ‚Ėá‚ĖÖ‚ĖĄ‚ĖÉ‚Ėá‚Ėā‚Ėā‚ĖĀ
wandb:       test_ap ‚ĖÉ‚ĖÖ‚Ėą‚ĖĄ‚ĖÜ‚ĖÜ‚ĖÜ‚ĖÖ‚ĖÖ‚ĖÜ‚ĖĄ‚ĖĀ‚ĖÉ‚ĖĄ‚Ėā‚Ėā‚ĖÉ‚ĖĀ‚Ėā‚ĖĄ‚ĖÉ
wandb:      test_auc ‚Ėā‚ĖÖ‚ĖÜ‚ĖÖ‚Ėą‚Ėą‚ĖÜ‚Ėá‚ĖÜ‚ĖÖ‚ĖĄ‚ĖĀ‚ĖÉ‚ĖĄ‚Ėā‚Ėā‚ĖÉ‚ĖĀ‚Ėā‚ĖĄ‚ĖÉ
wandb:        val_ap ‚ĖĀ‚Ėá‚Ėą‚ĖĀ‚ĖÖ‚ĖĄ‚ĖÖ‚ĖÖ‚ĖĄ‚ĖÖ‚ĖÖ‚ĖÉ‚ĖĄ‚ĖÖ‚ĖĄ‚ĖĄ‚ĖÖ‚ĖÉ‚ĖÉ‚ĖÖ‚ĖĄ
wandb:       val_auc ‚ĖĀ‚Ėą‚ĖÜ‚Ėā‚Ėá‚Ėá‚Ėá‚Ėá‚Ėá‚Ėá‚Ėą‚ĖÉ‚Ėá‚Ėá‚ĖÜ‚ĖÜ‚Ėá‚ĖÉ‚ĖÉ‚Ėá‚Ėá
wandb: 
wandb: Run summary:
wandb:               anom_ref_anom_ratio 0
wandb: anom_ref_anom_ratio_on_anom_nodes 0
wandb:                      best_test_ap 0.09851
wandb:                     best_test_auc 0.51112
wandb:                       best_val_ap 0.14408
wandb:                      best_val_auc 0.56987
wandb:                             epoch 200
wandb:                              loss 0.20761
wandb:           normal_ref_normal_ratio 1
wandb:                           test_ap 0.0911
wandb:                                +3 ...
wandb: 
wandb: ūüöÄ View run tokgt_photo_hop_attr_pca_residual_normal_rejection_no_ra at: https://wandb.ai/HCCS/VoxG/runs/fzyfyrs8
wandb: ‚≠źÔłŹ View project at: https://wandb.ai/HCCS/VoxG
wandb: Synced 5 W&B file(s), 0 media file(s), 0 artifact file(s) and 0 other file(s)
wandb: Find logs at: ./wandb/run-20260429_131206-fzyfyrs8/logs

START photo shuffled_ra
uc": 0.5270993117010816, "best_val_ap": 0.11508956582018359, "best_test_auc": 0.4796912313881364, "best_test_ap": 0.08678668257946565}
{"epoch": 170, "loss": 0.6743234992027283, "val_auc": 0.4064110127826941, "val_ap": 0.082555567751498, "test_auc": 0.45089822347287123, "test_ap": 0.0809481736614065, "best_val_auc": 0.5270993117010816, "best_val_ap": 0.11508956582018359, "best_test_auc": 0.4796912313881364, "best_test_ap": 0.08678668257946565}
{"epoch": 180, "loss": 0.6740545034408569, "val_auc": 0.5386823992133727, "val_ap": 0.125268407166299, "test_auc": 0.4846500065254573, "test_ap": 0.09213774960465895, "best_val_auc": 0.5386823992133727, "best_val_ap": 0.125268407166299, "best_test_auc": 0.4846500065254573, "best_test_ap": 0.09213774960465895}
{"epoch": 190, "loss": 0.6621304750442505, "val_auc": 0.5356735496558506, "val_ap": 0.1194757124554438, "test_auc": 0.5049974127134225, "test_ap": 0.09628861699906266, "best_val_auc": 0.5386823992133727, "best_val_ap": 0.125268407166299, "best_test_auc": 0.4846500065254573, "best_test_ap": 0.09213774960465895}
{"epoch": 200, "loss": 0.6336573958396912, "val_auc": 0.41335299901671585, "val_ap": 0.08467582015245859, "test_auc": 0.4752675151287576, "test_ap": 0.08850652877601341, "best_val_auc": 0.5386823992133727, "best_val_ap": 0.125268407166299, "best_test_auc": 0.4846500065254573, "best_test_ap": 0.09213774960465895}
FINAL {
  "dataset": "photo",
  "seed": 0,
  "config": {
    "dataset": "photo",
    "device": 4,
    "seed": 0,
    "train_rate": 0.05,
    "num_epoch": 200,
    "descriptor_mode": "hop_attr",
    "pn_estimator": "pca_residual",
    "gn_mode": "label_gate",
    "ln_mode": "descriptor_similarity",
    "ga_mode": "normal_rejection",
    "la_mode": "residual_cosine",
    "reference_mode": "dual_reference",
    "ablation_mode": "shuffled_ra",
    "normal_k": 4,
    "anom_k": 16,
    "pp_k": 6,
    "hops": 2,
    "rw_steps": 8,
    "pca_components": 32,
    "lr": 0.001,
    "weight_decay": 0.0,
    "pseudo_beta": 0.3,
    "pseudo_noise": 0.01,
    "embedding_dim": 256,
    "GT_ffn_dim": 256,
    "GT_dropout": 0.4,
    "GT_attention_dropout": 0.4,
    "GT_num_heads": 2,
    "GT_num_layers": 3,
    "sample_rate": 0.15,
    "mean": 0.02,
    "var": 0.01,
    "outlier_beta": 0.3,
    "ring_R_max": 1.0,
    "ring_R_min": 0.3,
    "lambda_rec_tok": 1.0,
    "lambda_rec_emb": 0.1,
    "encode_batch_size": 1024,
    "wandb": true,
    "dry_run": false,
    "out": "/root/gpufree-data/linziyao/VoxG/nexus/investigations/2026-04-27-global-ga-score/experiments/outputs/tokenization_theory_mini_gt_best_ablation/photo__shuffled_ra.json"
  },
  "best": {
    "val_auc": 0.5386823992133727,
    "val_ap": 0.125268407166299,
    "test_auc": 0.4846500065254573,
    "test_ap": 0.09213774960465895,
    "epoch": 180
  },
  "purity": {
    "normal_ref_normal_ratio": 1.0,
    "anom_ref_anom_ratio": 0.16084107498341074,
    "anom_ref_anom_ratio_on_anom_nodes": 0.17415830945558738
  },
  "time_sec": 32.429177045822144
}

wandb: [wandb.login()] Loaded credentials for https://api.wandb.ai from /root/gpufree-data/linziyao/.netrc.
wandb: Currently logged in as: jerryyoursister (Senyao) to https://api.wandb.ai. Use `wandb login --relogin` to force relogin
wandb: setting up run lifg4bgf
wandb: Tracking run with wandb version 0.25.0
wandb: Run data is saved locally in /root/gpufree-data/linziyao/VoxG/wandb/run-20260429_131256-lifg4bgf
wandb: Run `wandb offline` to turn off syncing.
wandb: Syncing run tokgt_photo_hop_attr_pca_residual_normal_rejection_shuffled_ra
wandb: ‚≠źÔłŹ View project at https://wandb.ai/HCCS/VoxG
wandb: ūüöÄ View run at https://wandb.ai/HCCS/VoxG/runs/lifg4bgf
wandb: uploading wandb-metadata.json; uploading requirements.txt; updating run metadata
wandb: uploading wandb-metadata.json; uploading requirements.txt
wandb: uploading wandb-metadata.json; uploading requirements.txt; uploading config.yaml; uploading output.log; uploading wandb-summary.json
wandb: uploading history steps 17-20, summary, console lines 18-80
wandb: 
wandb: Run history:
wandb:  best_test_ap ‚Ėá‚ĖĄ‚ĖĄ‚ĖĀ‚ĖĀ‚ĖĀ‚ĖĀ‚ĖĀ‚ĖĀ‚ĖĀ‚ĖĀ‚ĖĀ‚ĖĀ‚ĖĀ‚ĖĀ‚ĖĀ‚ĖĀ‚ĖĀ‚Ėą‚Ėą‚Ėą
wandb: best_test_auc ‚Ėą‚ĖÉ‚ĖÉ‚ĖĀ‚ĖĀ‚ĖĀ‚ĖĀ‚ĖĀ‚ĖĀ‚ĖĀ‚ĖĀ‚ĖĀ‚ĖĀ‚ĖĀ‚ĖĀ‚ĖĀ‚ĖĀ‚ĖĀ‚ĖÖ‚ĖÖ‚ĖÖ
wandb:   best_val_ap ‚ĖÉ‚ĖĀ‚ĖĀ‚ĖĄ‚ĖĄ‚ĖĄ‚ĖĄ‚ĖĄ‚ĖĄ‚ĖĄ‚ĖĄ‚ĖĄ‚ĖĄ‚ĖĄ‚ĖĄ‚ĖĄ‚ĖĄ‚ĖĄ‚Ėą‚Ėą‚Ėą
wandb:  best_val_auc ‚ĖĀ‚ĖÜ‚ĖÜ‚ĖÖ‚ĖÖ‚ĖÖ‚ĖÖ‚ĖÖ‚ĖÖ‚ĖÖ‚ĖÖ‚ĖÖ‚ĖÖ‚ĖÖ‚ĖÖ‚ĖÖ‚ĖÖ‚ĖÖ‚Ėą‚Ėą‚Ėą
wandb:         epoch ‚ĖĀ‚ĖĀ‚Ėā‚Ėā‚Ėā‚ĖÉ‚ĖÉ‚ĖÉ‚ĖĄ‚ĖĄ‚ĖÖ‚ĖÖ‚ĖÖ‚ĖÜ‚ĖÜ‚ĖÜ‚Ėá‚Ėá‚Ėá‚Ėą‚Ėą
wandb:          loss ‚Ėą‚Ėą‚Ėą‚Ėą‚Ėą‚Ėá‚Ėą‚Ėą‚Ėá‚Ėá‚Ėá‚Ėá‚Ėá‚Ėá‚Ėá‚Ėá‚ĖÜ‚ĖÜ‚ĖÜ‚ĖĄ‚ĖĀ
wandb:       test_ap ‚ĖÜ‚ĖÖ‚ĖÉ‚ĖĄ‚ĖÖ‚Ėą‚ĖÜ‚ĖĄ‚ĖÖ‚ĖÖ‚Ėā‚ĖĀ‚ĖÉ‚ĖÖ‚Ėą‚Ėá‚Ėá‚ĖĀ‚ĖÜ‚Ėą‚ĖĄ
wandb:      test_auc ‚ĖÜ‚ĖÖ‚ĖÉ‚ĖÖ‚ĖÖ‚Ėą‚ĖÖ‚ĖĄ‚ĖĄ‚ĖĄ‚ĖÉ‚Ėā‚ĖÉ‚ĖÉ‚ĖÖ‚Ėá‚Ėá‚ĖĀ‚ĖÖ‚Ėą‚ĖĄ
wandb:        val_ap ‚ĖÜ‚ĖÖ‚ĖĄ‚ĖÜ‚ĖÉ‚ĖĄ‚Ėá‚ĖÉ‚Ėā‚ĖÉ‚Ėā‚ĖĀ‚ĖĄ‚ĖĄ‚ĖÖ‚ĖÜ‚ĖĄ‚Ėā‚Ėą‚Ėá‚Ėā
wandb:       val_auc ‚Ėá‚Ėą‚ĖÖ‚Ėá‚ĖÉ‚ĖĄ‚ĖÖ‚ĖÉ‚Ėā‚ĖĄ‚ĖÉ‚ĖĀ‚ĖĄ‚ĖĄ‚ĖĄ‚ĖÜ‚ĖÉ‚ĖĀ‚Ėą‚Ėą‚ĖĀ
wandb: 
wandb: Run summary:
wandb:               anom_ref_anom_ratio 0.16084
wandb: anom_ref_anom_ratio_on_anom_nodes 0.17416
wandb:                      best_test_ap 0.09214
wandb:                     best_test_auc 0.48465
wandb:                       best_val_ap 0.12527
wandb:                      best_val_auc 0.53868
wandb:                             epoch 200
wandb:                              loss 0.63366
wandb:           normal_ref_normal_ratio 1
wandb:                           test_ap 0.08851
wandb:                                +3 ...
wandb: 
wandb: ūüöÄ View run tokgt_photo_hop_attr_pca_residual_normal_rejection_shuffled_ra at: https://wandb.ai/HCCS/VoxG/runs/lifg4bgf
wandb: ‚≠źÔłŹ View project at: https://wandb.ai/HCCS/VoxG
wandb: Synced 5 W&B file(s), 0 media file(s), 0 artifact file(s) and 0 other file(s)
wandb: Find logs at: ./wandb/run-20260429_131256-lifg4bgf/logs

START photo fixed_labeled_normal
est_val_ap": 0.17202448431779913, "best_test_auc": 0.5659916920625253, "best_test_ap": 0.10923088926193668}
{"epoch": 170, "loss": 0.421077698469162, "val_auc": 0.5396853490658801, "val_ap": 0.10269062224348177, "test_auc": 0.5396989646274423, "test_ap": 0.09532905851139076, "best_val_auc": 0.6130186823992134, "best_val_ap": 0.17202448431779913, "best_test_auc": 0.5659916920625253, "best_test_ap": 0.10923088926193668}
{"epoch": 180, "loss": 0.3791583180427551, "val_auc": 0.4971484759095378, "val_ap": 0.09947240051090697, "test_auc": 0.499965941692177, "test_ap": 0.08925197803632459, "best_val_auc": 0.6130186823992134, "best_val_ap": 0.17202448431779913, "best_test_auc": 0.5659916920625253, "best_test_ap": 0.10923088926193668}
{"epoch": 190, "loss": 0.3778987228870392, "val_auc": 0.5166863323500491, "val_ap": 0.09982968982905578, "test_auc": 0.5195511859160025, "test_ap": 0.09128960877469787, "best_val_auc": 0.6130186823992134, "best_val_ap": 0.17202448431779913, "best_test_auc": 0.5659916920625253, "best_test_ap": 0.10923088926193668}
{"epoch": 200, "loss": 0.2857949137687683, "val_auc": 0.49006882989183875, "val_ap": 0.09848991440035731, "test_auc": 0.49367574430281785, "test_ap": 0.08880432825595273, "best_val_auc": 0.6130186823992134, "best_val_ap": 0.17202448431779913, "best_test_auc": 0.5659916920625253, "best_test_ap": 0.10923088926193668}
FINAL {
  "dataset": "photo",
  "seed": 0,
  "config": {
    "dataset": "photo",
    "device": 4,
    "seed": 0,
    "train_rate": 0.05,
    "num_epoch": 200,
    "descriptor_mode": "hop_attr",
    "pn_estimator": "pca_residual",
    "gn_mode": "label_gate",
    "ln_mode": "descriptor_similarity",
    "ga_mode": "normal_rejection",
    "la_mode": "residual_cosine",
    "reference_mode": "dual_reference",
    "ablation_mode": "fixed_labeled_normal",
    "normal_k": 4,
    "anom_k": 16,
    "pp_k": 6,
    "hops": 2,
    "rw_steps": 8,
    "pca_components": 32,
    "lr": 0.001,
    "weight_decay": 0.0,
    "pseudo_beta": 0.3,
    "pseudo_noise": 0.01,
    "embedding_dim": 256,
    "GT_ffn_dim": 256,
    "GT_dropout": 0.4,
    "GT_attention_dropout": 0.4,
    "GT_num_heads": 2,
    "GT_num_layers": 3,
    "sample_rate": 0.15,
    "mean": 0.02,
    "var": 0.01,
    "outlier_beta": 0.3,
    "ring_R_max": 1.0,
    "ring_R_min": 0.3,
    "lambda_rec_tok": 1.0,
    "lambda_rec_emb": 0.1,
    "encode_batch_size": 1024,
    "wandb": true,
    "dry_run": false,
    "out": "/root/gpufree-data/linziyao/VoxG/nexus/investigations/2026-04-27-global-ga-score/experiments/outputs/tokenization_theory_mini_gt_best_ablation/photo__fixed_labeled_normal.json"
  },
  "best": {
    "val_auc": 0.6130186823992134,
    "val_ap": 0.17202448431779913,
    "test_auc": 0.5659916920625253,
    "test_ap": 0.10923088926193668,
    "epoch": 20
  },
  "purity": {
    "normal_ref_normal_ratio": 1.0,
    "anom_ref_anom_ratio": 0.16084107498341074,
    "anom_ref_anom_ratio_on_anom_nodes": 0.6653832378223495
  },
  "time_sec": 32.37510275840759
}

wandb: [wandb.login()] Loaded credentials for https://api.wandb.ai from /root/gpufree-data/linziyao/.netrc.
wandb: Currently logged in as: jerryyoursister (Senyao) to https://api.wandb.ai. Use `wandb login --relogin` to force relogin
wandb: setting up run 98zco5sz
wandb: Tracking run with wandb version 0.25.0
wandb: Run data is saved locally in /root/gpufree-data/linziyao/VoxG/wandb/run-20260429_131346-98zco5sz
wandb: Run `wandb offline` to turn off syncing.
wandb: Syncing run tokgt_photo_hop_attr_pca_residual_normal_rejection_fixed_labeled_normal
wandb: ‚≠źÔłŹ View project at https://wandb.ai/HCCS/VoxG
wandb: ūüöÄ View run at https://wandb.ai/HCCS/VoxG/runs/98zco5sz
wandb: updating run metadata
wandb: uploading output.log; uploading wandb-summary.json; uploading config.yaml
wandb: uploading history steps 17-20, summary, console lines 18-80
wandb: 
wandb: Run history:
wandb:  best_test_ap ‚ĖĀ‚ĖĄ‚Ėą‚Ėą‚Ėą‚Ėą‚Ėą‚Ėą‚Ėą‚Ėą‚Ėą‚Ėą‚Ėą‚Ėą‚Ėą‚Ėą‚Ėą‚Ėą‚Ėą‚Ėą‚Ėą
wandb: best_test_auc ‚ĖĀ‚Ėą‚ĖÜ‚ĖÜ‚ĖÜ‚ĖÜ‚ĖÜ‚ĖÜ‚ĖÜ‚ĖÜ‚ĖÜ‚ĖÜ‚ĖÜ‚ĖÜ‚ĖÜ‚ĖÜ‚ĖÜ‚ĖÜ‚ĖÜ‚ĖÜ‚ĖÜ
wandb:   best_val_ap ‚ĖĀ‚Ėā‚Ėą‚Ėą‚Ėą‚Ėą‚Ėą‚Ėą‚Ėą‚Ėą‚Ėą‚Ėą‚Ėą‚Ėą‚Ėą‚Ėą‚Ėą‚Ėą‚Ėą‚Ėą‚Ėą
wandb:  best_val_auc ‚ĖĀ‚Ėá‚Ėą‚Ėą‚Ėą‚Ėą‚Ėą‚Ėą‚Ėą‚Ėą‚Ėą‚Ėą‚Ėą‚Ėą‚Ėą‚Ėą‚Ėą‚Ėą‚Ėą‚Ėą‚Ėą
wandb:         epoch ‚ĖĀ‚ĖĀ‚Ėā‚Ėā‚Ėā‚ĖÉ‚ĖÉ‚ĖÉ‚ĖĄ‚ĖĄ‚ĖÖ‚ĖÖ‚ĖÖ‚ĖÜ‚ĖÜ‚ĖÜ‚Ėá‚Ėá‚Ėá‚Ėą‚Ėą
wandb:          loss ‚Ėą‚Ėą‚Ėą‚Ėą‚Ėą‚Ėą‚Ėą‚Ėą‚Ėą‚Ėá‚Ėá‚Ėá‚Ėá‚ĖÜ‚ĖÖ‚ĖĄ‚ĖÖ‚ĖÉ‚ĖÉ‚ĖÉ‚ĖĀ
wandb:       test_ap ‚ĖĄ‚ĖÖ‚ĖÜ‚ĖĀ‚ĖÉ‚ĖÉ‚Ėá‚ĖĀ‚ĖÜ‚ĖĄ‚ĖÜ‚Ėą‚Ėą‚ĖĄ‚ĖĄ‚ĖÉ‚ĖÉ‚ĖÉ‚Ėā‚Ėā‚Ėā
wandb:      test_auc ‚ĖÉ‚ĖÜ‚ĖÖ‚ĖĀ‚ĖÉ‚ĖÉ‚Ėą‚Ėā‚ĖÖ‚ĖĄ‚ĖÜ‚Ėá‚ĖÖ‚ĖĄ‚ĖĄ‚ĖĄ‚ĖÉ‚ĖĄ‚ĖĀ‚Ėā‚ĖĀ
wandb:        val_ap ‚Ėā‚ĖĄ‚Ėą‚Ėā‚ĖÖ‚Ėā‚ĖÖ‚Ėā‚Ėá‚ĖÉ‚ĖÉ‚ĖÖ‚ĖÖ‚Ėā‚Ėā‚Ėā‚ĖĀ‚ĖĀ‚ĖĀ‚ĖĀ‚ĖĀ
wandb:       val_auc ‚ĖĀ‚ĖÜ‚ĖÜ‚ĖĀ‚ĖÖ‚ĖĄ‚Ėą‚ĖÉ‚ĖÜ‚ĖÖ‚ĖÜ‚ĖÜ‚ĖÖ‚ĖĄ‚ĖĄ‚ĖĄ‚ĖÉ‚ĖÉ‚ĖĀ‚Ėā‚ĖĀ
wandb: 
wandb: Run summary:
wandb:               anom_ref_anom_ratio 0.16084
wandb: anom_ref_anom_ratio_on_anom_nodes 0.66538
wandb:                      best_test_ap 0.10923
wandb:                     best_test_auc 0.56599
wandb:                       best_val_ap 0.17202
wandb:                      best_val_auc 0.61302
wandb:                             epoch 200
wandb:                              loss 0.28579
wandb:           normal_ref_normal_ratio 1
wandb:                           test_ap 0.0888
wandb:                                +3 ...
wandb: 
wandb: ūüöÄ View run tokgt_photo_hop_attr_pca_residual_normal_rejection_fixed_labeled_normal at: https://wandb.ai/HCCS/VoxG/runs/98zco5sz
wandb: ‚≠źÔłŹ View project at: https://wandb.ai/HCCS/VoxG
wandb: Synced 5 W&B file(s), 0 media file(s), 0 artifact file(s) and 0 other file(s)
wandb: Find logs at: ./wandb/run-20260429_131346-98zco5sz/logs

