{"stage": "seed_start", "variant": "old_exact_080_regime", "seed": 1, "device": "cuda:1"}
{"stage": "seed_start", "variant": "old_exact_080_regime", "seed": 2, "device": "cuda:2"}
{"stage": "seed_start", "variant": "old_exact_080_regime", "seed": 4, "device": "cuda:4"}
{"stage": "seed_start", "variant": "old_exact_080_regime", "seed": 3, "device": "cuda:3"}
{"stage": "seed_start", "variant": "old_exact_080_regime", "seed": 0, "device": "cuda:0"}
Training Counter({0: 2108, 1: 220})
Test Counter({0: 39911, 1: 4325})
Training rate 1
Training Counter({0: 2101, 1: 227})
Test Counter({0: 39918, 1: 4318})
Training rate 1
Training Counter({0: 2100, 1: 228})
Training Counter({0: 2124, 1: 204})
Test Counter({0: 39919, 1: 4317})
Training rate 1
Test Counter({0: 39895, 1: 4341})
Training rate 1
Training Counter({0: 2119, 1: 209})
Test Counter({0: 39900, 1: 4336})
Training rate 1
{"stage": "seed_done", "variant": "old_exact_080_regime", "seed": 4, "mat_mean_auc": 0.817586197747433, "worst_alignment": [{"feature": "response_pca_residual", "pseudo_real_wasserstein": 1867.0671158739378, "normal_real_wasserstein": 1867.1974443679933, "normal_pseudo_wasserstein": 0.2035277676356893, "pseudo_real_ks": 1.0, "pseudo_real_js": 0.9824387703813459, "pseudo_minus_real_mean": -1867.0671158739376, "pseudo_std_over_real": 0.0002397521254686156}, {"feature": "response_z_l2", "pseudo_real_wasserstein": 383.7926467646692, "normal_real_wasserstein": 384.6760876567438, "normal_pseudo_wasserstein": 0.9080249189418166, "pseudo_real_ks": 0.999539276664363, "pseudo_real_js": 0.9991620458605138, "pseudo_minus_real_mean": -383.79264676466914, "pseudo_std_over_real": 0.022074310615829398}, {"feature": "flat_l2", "pseudo_real_wasserstein": 1.734361683662001, "normal_real_wasserstein": 2.085441776246391, "normal_pseudo_wasserstein": 0.35108009258439005, "pseudo_real_ks": 0.6253967882117297, "pseudo_real_js": 0.4329685479174956, "pseudo_minus_real_mean": -1.7343616836619997, "pseudo_std_over_real": 0.8234675254730556}]}
{"stage": "seed_done", "variant": "old_exact_080_regime", "seed": 2, "mat_mean_auc": 0.8162769329387947, "worst_alignment": [{"feature": "response_pca_residual", "pseudo_real_wasserstein": 397554.9637393064, "normal_real_wasserstein": 397555.0514403219, "normal_pseudo_wasserstein": 0.10065329654337452, "pseudo_real_ks": 1.0, "pseudo_real_js": 0.9326271447581902, "pseudo_minus_real_mean": -397554.96373930643, "pseudo_std_over_real": 8.432967048421017e-07}, {"feature": "response_z_l2", "pseudo_real_wasserstein": 4816.418452432165, "normal_real_wasserstein": 4816.590161396147, "normal_pseudo_wasserstein": 0.7097670616982715, "pseudo_real_ks": 1.0, "pseudo_real_js": 0.9999999999979916, "pseudo_minus_real_mean": -4816.418452432166, "pseudo_std_over_real": 0.002177524369096975}, {"feature": "flat_l2", "pseudo_real_wasserstein": 1.8419025987327058, "normal_real_wasserstein": 2.172560435484511, "normal_pseudo_wasserstein": 0.33070250701347403, "pseudo_real_ks": 0.6341406806989065, "pseudo_real_js": 0.4490829706661757, "pseudo_minus_real_mean": -1.841857928471037, "pseudo_std_over_real": 0.7701156010882358}]}
{"stage": "seed_done", "variant": "old_exact_080_regime", "seed": 0, "mat_mean_auc": 0.7941389687988921, "worst_alignment": [{"feature": "response_z_l2", "pseudo_real_wasserstein": 233.56624514119707, "normal_real_wasserstein": 233.47801123518192, "normal_pseudo_wasserstein": 0.41091782368823904, "pseudo_real_ks": 0.9980952380952381, "pseudo_real_js": 0.9965152136348158, "pseudo_minus_real_mean": -233.56624514119704, "pseudo_std_over_real": 0.061106330383268646}, {"feature": "response_pca_residual", "pseudo_real_wasserstein": 137.39076370870754, "normal_real_wasserstein": 137.43868417639973, "normal_pseudo_wasserstein": 0.06199081951845275, "pseudo_real_ks": 0.9997683576557794, "pseudo_real_js": 0.9513874497991404, "pseudo_minus_real_mean": -137.3907637087075, "pseudo_std_over_real": 0.0013209313328538844}, {"feature": "flat_l2", "pseudo_real_wasserstein": 1.6433390799703245, "normal_real_wasserstein": 2.0039126103455343, "normal_pseudo_wasserstein": 0.3605735303752099, "pseudo_real_ks": 0.5761633409444389, "pseudo_real_js": 0.38826407005897356, "pseudo_minus_real_mean": -1.6433390799703238, "pseudo_std_over_real": 0.8003337091677248}]}
{"stage": "seed_done", "variant": "old_exact_080_regime", "seed": 3, "mat_mean_auc": 0.8088325749798853, "worst_alignment": [{"feature": "response_pca_residual", "pseudo_real_wasserstein": 750.3037461122686, "normal_real_wasserstein": 750.3826444055738, "normal_pseudo_wasserstein": 0.09062849192984868, "pseudo_real_ks": 0.9997693726937269, "pseudo_real_js": 0.9862427913843057, "pseudo_minus_real_mean": -750.3037461122686, "pseudo_std_over_real": 0.0006908896750805599}, {"feature": "response_z_l2", "pseudo_real_wasserstein": 310.68576922876184, "normal_real_wasserstein": 310.83094806114093, "normal_pseudo_wasserstein": 0.5657243653247845, "pseudo_real_ks": 0.9967712177121771, "pseudo_real_js": 0.9965570134146612, "pseudo_minus_real_mean": -310.6857692287619, "pseudo_std_over_real": 0.04523873969904938}, {"feature": "flat_l2", "pseudo_real_wasserstein": 1.7972362094326102, "normal_real_wasserstein": 2.1724165775922457, "normal_pseudo_wasserstein": 0.37602404226767583, "pseudo_real_ks": 0.6165973334261644, "pseudo_real_js": 0.42503640880946114, "pseudo_minus_real_mean": -1.7972362094326106, "pseudo_std_over_real": 0.7352704676788768}]}
{"stage": "seed_done", "variant": "old_exact_080_regime", "seed": 1, "mat_mean_auc": 0.8002782208854693, "worst_alignment": [{"feature": "response_pca_residual", "pseudo_real_wasserstein": 457.99187172611323, "normal_real_wasserstein": 458.0624921936027, "normal_pseudo_wasserstein": 0.1431679004873631, "pseudo_real_ks": 1.0, "pseudo_real_js": 0.9786932597336819, "pseudo_minus_real_mean": -457.9918717261132, "pseudo_std_over_real": 0.0010032828698319837}, {"feature": "response_z_l2", "pseudo_real_wasserstein": 210.38071236354347, "normal_real_wasserstein": 210.93180231380518, "normal_pseudo_wasserstein": 0.8169195545498961, "pseudo_real_ks": 0.9961977186311787, "pseudo_real_js": 0.9961715184813001, "pseudo_minus_real_mean": -210.38071236354347, "pseudo_std_over_real": 0.06323365015537916}, {"feature": "flat_l2", "pseudo_real_wasserstein": 1.7980182728475904, "normal_real_wasserstein": 2.136771483845038, "normal_pseudo_wasserstein": 0.3388398534252578, "pseudo_real_ks": 0.5927464306281778, "pseudo_real_js": 0.41244987707747205, "pseudo_minus_real_mean": -1.7980182728475906, "pseudo_std_over_real": 0.7704175602923542}]}
{"stage": "done", "status": "finished", "out": "experiments/outputs/pseudo_real_distribution_alignment_probe.json", "elapsed_sec": 165.9}
/home/linziyao/DualRefGAD/utils.py:62: RuntimeWarning: divide by zero encountered in power
  d_inv_sqrt = np.power(rowsum, -0.5).flatten()
/home/linziyao/DualRefGAD/utils.py:62: RuntimeWarning: divide by zero encountered in power
  d_inv_sqrt = np.power(rowsum, -0.5).flatten()
/home/linziyao/DualRefGAD/utils.py:62: RuntimeWarning: divide by zero encountered in power
  d_inv_sqrt = np.power(rowsum, -0.5).flatten()
PROBE_COMPLETED_OK
