[1/432] photo__hop_attr__diag_gaussian__label_gate__descriptor_similarity__normal_rejection__residual_cosine.json
[2/432] photo__hop_attr__diag_gaussian__label_gate__descriptor_similarity__normal_rejection__descriptor_similarity.json
[3/432] photo__hop_attr__diag_gaussian__label_gate__descriptor_similarity__residual_norm__residual_cosine.json
[4/432] photo__hop_attr__diag_gaussian__label_gate__descriptor_similarity__residual_norm__descriptor_similarity.json
[5/432] photo__hop_attr__diag_gaussian__label_gate__descriptor_similarity__normal_soft_or__residual_cosine.json
[6/432] photo__hop_attr__diag_gaussian__label_gate__descriptor_similarity__normal_soft_or__descriptor_similarity.json
[7/432] photo__hop_attr__diag_gaussian__label_gate__reconstruction_gain__normal_rejection__residual_cosine.json
[8/432] photo__hop_attr__diag_gaussian__label_gate__reconstruction_gain__normal_rejection__descriptor_similarity.json
[9/432] photo__hop_attr__diag_gaussian__label_gate__reconstruction_gain__residual_norm__residual_cosine.json
[10/432] photo__hop_attr__diag_gaussian__label_gate__reconstruction_gain__residual_norm__descriptor_similarity.json
[11/432] photo__hop_attr__diag_gaussian__label_gate__reconstruction_gain__normal_soft_or__residual_cosine.json
[12/432] photo__hop_attr__diag_gaussian__label_gate__reconstruction_gain__normal_soft_or__descriptor_similarity.json
[13/432] photo__hop_attr__diag_gaussian__normal_density__descriptor_similarity__normal_rejection__residual_cosine.json
[14/432] photo__hop_attr__diag_gaussian__normal_density__descriptor_similarity__normal_rejection__descriptor_similarity.json
[15/432] photo__hop_attr__diag_gaussian__normal_density__descriptor_similarity__residual_norm__residual_cosine.json
[16/432] photo__hop_attr__diag_gaussian__normal_density__descriptor_similarity__residual_norm__descriptor_similarity.json
[17/432] photo__hop_attr__diag_gaussian__normal_density__descriptor_similarity__normal_soft_or__residual_cosine.json
[18/432] photo__hop_attr__diag_gaussian__normal_density__descriptor_similarity__normal_soft_or__descriptor_similarity.json
[19/432] photo__hop_attr__diag_gaussian__normal_density__reconstruction_gain__normal_rejection__residual_cosine.json
[20/432] photo__hop_attr__diag_gaussian__normal_density__reconstruction_gain__normal_rejection__descriptor_similarity.json
[21/432] photo__hop_attr__diag_gaussian__normal_density__reconstruction_gain__residual_norm__residual_cosine.json
[22/432] photo__hop_attr__diag_gaussian__normal_density__reconstruction_gain__residual_norm__descriptor_similarity.json
[23/432] photo__hop_attr__diag_gaussian__normal_density__reconstruction_gain__normal_soft_or__residual_cosine.json
[24/432] photo__hop_attr__diag_gaussian__normal_density__reconstruction_gain__normal_soft_or__descriptor_similarity.json
[25/432] photo__hop_attr__diag_gaussian__label_gate_density__descriptor_similarity__normal_rejection__residual_cosine.json
[26/432] photo__hop_attr__diag_gaussian__label_gate_density__descriptor_similarity__normal_rejection__descriptor_similarity.json
[27/432] photo__hop_attr__diag_gaussian__label_gate_density__descriptor_similarity__residual_norm__residual_cosine.json
[28/432] photo__hop_attr__diag_gaussian__label_gate_density__descriptor_similarity__residual_norm__descriptor_similarity.json
[29/432] photo__hop_attr__diag_gaussian__label_gate_density__descriptor_similarity__normal_soft_or__residual_cosine.json
[30/432] photo__hop_attr__diag_gaussian__label_gate_density__descriptor_similarity__normal_soft_or__descriptor_similarity.json
[31/432] photo__hop_attr__diag_gaussian__label_gate_density__reconstruction_gain__normal_rejection__residual_cosine.json
[32/432] photo__hop_attr__diag_gaussian__label_gate_density__reconstruction_gain__normal_rejection__descriptor_similarity.json
[33/432] photo__hop_attr__diag_gaussian__label_gate_density__reconstruction_gain__residual_norm__residual_cosine.json
[34/432] photo__hop_attr__diag_gaussian__label_gate_density__reconstruction_gain__residual_norm__descriptor_similarity.json
[35/432] photo__hop_attr__diag_gaussian__label_gate_density__reconstruction_gain__normal_soft_or__residual_cosine.json
[36/432] photo__hop_attr__diag_gaussian__label_gate_density__reconstruction_gain__normal_soft_or__descriptor_similarity.json
[37/432] photo__hop_attr__pca_residual__label_gate__descriptor_similarity__normal_rejection__residual_cosine.json
[38/432] photo__hop_attr__pca_residual__label_gate__descriptor_similarity__normal_rejection__descriptor_similarity.json
[39/432] photo__hop_attr__pca_residual__label_gate__descriptor_similarity__residual_norm__residual_cosine.json
[40/432] photo__hop_attr__pca_residual__label_gate__descriptor_similarity__residual_norm__descriptor_similarity.json
[41/432] photo__hop_attr__pca_residual__label_gate__descriptor_similarity__normal_soft_or__residual_cosine.json
[42/432] photo__hop_attr__pca_residual__label_gate__descriptor_similarity__normal_soft_or__descriptor_similarity.json
[43/432] photo__hop_attr__pca_residual__label_gate__reconstruction_gain__normal_rejection__residual_cosine.json
[44/432] photo__hop_attr__pca_residual__label_gate__reconstruction_gain__normal_rejection__descriptor_similarity.json
[45/432] photo__hop_attr__pca_residual__label_gate__reconstruction_gain__residual_norm__residual_cosine.json
[46/432] photo__hop_attr__pca_residual__label_gate__reconstruction_gain__residual_norm__descriptor_similarity.json
[47/432] photo__hop_attr__pca_residual__label_gate__reconstruction_gain__normal_soft_or__residual_cosine.json
[48/432] photo__hop_attr__pca_residual__label_gate__reconstruction_gain__normal_soft_or__descriptor_similarity.json
[49/432] photo__hop_attr__pca_residual__normal_density__descriptor_similarity__normal_rejection__residual_cosine.json
[50/432] photo__hop_attr__pca_residual__normal_density__descriptor_similarity__normal_rejection__descriptor_similarity.json
[51/432] photo__hop_attr__pca_residual__normal_density__descriptor_similarity__residual_norm__residual_cosine.json
[52/432] photo__hop_attr__pca_residual__normal_density__descriptor_similarity__residual_norm__descriptor_similarity.json
[53/432] photo__hop_attr__pca_residual__normal_density__descriptor_similarity__normal_soft_or__residual_cosine.json
[54/432] photo__hop_attr__pca_residual__normal_density__descriptor_similarity__normal_soft_or__descriptor_similarity.json
[55/432] photo__hop_attr__pca_residual__normal_density__reconstruction_gain__normal_rejection__residual_cosine.json
[56/432] photo__hop_attr__pca_residual__normal_density__reconstruction_gain__normal_rejection__descriptor_similarity.json
[57/432] photo__hop_attr__pca_residual__normal_density__reconstruction_gain__residual_norm__residual_cosine.json
[58/432] photo__hop_attr__pca_residual__normal_density__reconstruction_gain__residual_norm__descriptor_similarity.json
[59/432] photo__hop_attr__pca_residual__normal_density__reconstruction_gain__normal_soft_or__residual_cosine.json
[60/432] photo__hop_attr__pca_residual__normal_density__reconstruction_gain__normal_soft_or__descriptor_similarity.json
[61/432] photo__hop_attr__pca_residual__label_gate_density__descriptor_similarity__normal_rejection__residual_cosine.json
[62/432] photo__hop_attr__pca_residual__label_gate_density__descriptor_similarity__normal_rejection__descriptor_similarity.json
[63/432] photo__hop_attr__pca_residual__label_gate_density__descriptor_similarity__residual_norm__residual_cosine.json
[64/432] photo__hop_attr__pca_residual__label_gate_density__descriptor_similarity__residual_norm__descriptor_similarity.json
[65/432] photo__hop_attr__pca_residual__label_gate_density__descriptor_similarity__normal_soft_or__residual_cosine.json
[66/432] photo__hop_attr__pca_residual__label_gate_density__descriptor_similarity__normal_soft_or__descriptor_similarity.json
[67/432] photo__hop_attr__pca_residual__label_gate_density__reconstruction_gain__normal_rejection__residual_cosine.json
[68/432] photo__hop_attr__pca_residual__label_gate_density__reconstruction_gain__normal_rejection__descriptor_similarity.json
[69/432] photo__hop_attr__pca_residual__label_gate_density__reconstruction_gain__residual_norm__residual_cosine.json
[70/432] photo__hop_attr__pca_residual__label_gate_density__reconstruction_gain__residual_norm__descriptor_similarity.json
[71/432] photo__hop_attr__pca_residual__label_gate_density__reconstruction_gain__normal_soft_or__residual_cosine.json
[72/432] photo__hop_attr__pca_residual__label_gate_density__reconstruction_gain__normal_soft_or__descriptor_similarity.json
[73/432] photo__rwse__diag_gaussian__label_gate__descriptor_similarity__normal_rejection__residual_cosine.json
[74/432] photo__rwse__diag_gaussian__label_gate__descriptor_similarity__normal_rejection__descriptor_similarity.json
[75/432] photo__rwse__diag_gaussian__label_gate__descriptor_similarity__residual_norm__residual_cosine.json
[76/432] photo__rwse__diag_gaussian__label_gate__descriptor_similarity__residual_norm__descriptor_similarity.json
[77/432] photo__rwse__diag_gaussian__label_gate__descriptor_similarity__normal_soft_or__residual_cosine.json
[78/432] photo__rwse__diag_gaussian__label_gate__descriptor_similarity__normal_soft_or__descriptor_similarity.json
[79/432] photo__rwse__diag_gaussian__label_gate__reconstruction_gain__normal_rejection__residual_cosine.json
[80/432] photo__rwse__diag_gaussian__label_gate__reconstruction_gain__normal_rejection__descriptor_similarity.json
[81/432] photo__rwse__diag_gaussian__label_gate__reconstruction_gain__residual_norm__residual_cosine.json
[82/432] photo__rwse__diag_gaussian__label_gate__reconstruction_gain__residual_norm__descriptor_similarity.json
[83/432] photo__rwse__diag_gaussian__label_gate__reconstruction_gain__normal_soft_or__residual_cosine.json
[84/432] photo__rwse__diag_gaussian__label_gate__reconstruction_gain__normal_soft_or__descriptor_similarity.json
[85/432] photo__rwse__diag_gaussian__normal_density__descriptor_similarity__normal_rejection__residual_cosine.json
[86/432] photo__rwse__diag_gaussian__normal_density__descriptor_similarity__normal_rejection__descriptor_similarity.json
[87/432] photo__rwse__diag_gaussian__normal_density__descriptor_similarity__residual_norm__residual_cosine.json
[88/432] photo__rwse__diag_gaussian__normal_density__descriptor_similarity__residual_norm__descriptor_similarity.json
[89/432] photo__rwse__diag_gaussian__normal_density__descriptor_similarity__normal_soft_or__residual_cosine.json
[90/432] photo__rwse__diag_gaussian__normal_density__descriptor_similarity__normal_soft_or__descriptor_similarity.json
[91/432] photo__rwse__diag_gaussian__normal_density__reconstruction_gain__normal_rejection__residual_cosine.json
[92/432] photo__rwse__diag_gaussian__normal_density__reconstruction_gain__normal_rejection__descriptor_similarity.json
[93/432] photo__rwse__diag_gaussian__normal_density__reconstruction_gain__residual_norm__residual_cosine.json
[94/432] photo__rwse__diag_gaussian__normal_density__reconstruction_gain__residual_norm__descriptor_similarity.json
[95/432] photo__rwse__diag_gaussian__normal_density__reconstruction_gain__normal_soft_or__residual_cosine.json
[96/432] photo__rwse__diag_gaussian__normal_density__reconstruction_gain__normal_soft_or__descriptor_similarity.json
[97/432] photo__rwse__diag_gaussian__label_gate_density__descriptor_similarity__normal_rejection__residual_cosine.json
[98/432] photo__rwse__diag_gaussian__label_gate_density__descriptor_similarity__normal_rejection__descriptor_similarity.json
[99/432] photo__rwse__diag_gaussian__label_gate_density__descriptor_similarity__residual_norm__residual_cosine.json
[100/432] photo__rwse__diag_gaussian__label_gate_density__descriptor_similarity__residual_norm__descriptor_similarity.json
[101/432] photo__rwse__diag_gaussian__label_gate_density__descriptor_similarity__normal_soft_or__residual_cosine.json
[102/432] photo__rwse__diag_gaussian__label_gate_density__descriptor_similarity__normal_soft_or__descriptor_similarity.json
[103/432] photo__rwse__diag_gaussian__label_gate_density__reconstruction_gain__normal_rejection__residual_cosine.json
[104/432] photo__rwse__diag_gaussian__label_gate_density__reconstruction_gain__normal_rejection__descriptor_similarity.json
[105/432] photo__rwse__diag_gaussian__label_gate_density__reconstruction_gain__residual_norm__residual_cosine.json
[106/432] photo__rwse__diag_gaussian__label_gate_density__reconstruction_gain__residual_norm__descriptor_similarity.json
[107/432] photo__rwse__diag_gaussian__label_gate_density__reconstruction_gain__normal_soft_or__residual_cosine.json
[108/432] photo__rwse__diag_gaussian__label_gate_density__reconstruction_gain__normal_soft_or__descriptor_similarity.json
[109/432] photo__rwse__pca_residual__label_gate__descriptor_similarity__normal_rejection__residual_cosine.json
[110/432] photo__rwse__pca_residual__label_gate__descriptor_similarity__normal_rejection__descriptor_similarity.json
[111/432] photo__rwse__pca_residual__label_gate__descriptor_similarity__residual_norm__residual_cosine.json
[112/432] photo__rwse__pca_residual__label_gate__descriptor_similarity__residual_norm__descriptor_similarity.json
[113/432] photo__rwse__pca_residual__label_gate__descriptor_similarity__normal_soft_or__residual_cosine.json
[114/432] photo__rwse__pca_residual__label_gate__descriptor_similarity__normal_soft_or__descriptor_similarity.json
[115/432] photo__rwse__pca_residual__label_gate__reconstruction_gain__normal_rejection__residual_cosine.json
[116/432] photo__rwse__pca_residual__label_gate__reconstruction_gain__normal_rejection__descriptor_similarity.json
[117/432] photo__rwse__pca_residual__label_gate__reconstruction_gain__residual_norm__residual_cosine.json
[118/432] photo__rwse__pca_residual__label_gate__reconstruction_gain__residual_norm__descriptor_similarity.json
[119/432] photo__rwse__pca_residual__label_gate__reconstruction_gain__normal_soft_or__residual_cosine.json
[120/432] photo__rwse__pca_residual__label_gate__reconstruction_gain__normal_soft_or__descriptor_similarity.json
[121/432] photo__rwse__pca_residual__normal_density__descriptor_similarity__normal_rejection__residual_cosine.json
[122/432] photo__rwse__pca_residual__normal_density__descriptor_similarity__normal_rejection__descriptor_similarity.json
[123/432] photo__rwse__pca_residual__normal_density__descriptor_similarity__residual_norm__residual_cosine.json
[124/432] photo__rwse__pca_residual__normal_density__descriptor_similarity__residual_norm__descriptor_similarity.json
[125/432] photo__rwse__pca_residual__normal_density__descriptor_similarity__normal_soft_or__residual_cosine.json
[126/432] photo__rwse__pca_residual__normal_density__descriptor_similarity__normal_soft_or__descriptor_similarity.json
[127/432] photo__rwse__pca_residual__normal_density__reconstruction_gain__normal_rejection__residual_cosine.json
[128/432] photo__rwse__pca_residual__normal_density__reconstruction_gain__normal_rejection__descriptor_similarity.json
[129/432] photo__rwse__pca_residual__normal_density__reconstruction_gain__residual_norm__residual_cosine.json
[130/432] photo__rwse__pca_residual__normal_density__reconstruction_gain__residual_norm__descriptor_similarity.json
[131/432] photo__rwse__pca_residual__normal_density__reconstruction_gain__normal_soft_or__residual_cosine.json
[132/432] photo__rwse__pca_residual__normal_density__reconstruction_gain__normal_soft_or__descriptor_similarity.json
[133/432] photo__rwse__pca_residual__label_gate_density__descriptor_similarity__normal_rejection__residual_cosine.json
[134/432] photo__rwse__pca_residual__label_gate_density__descriptor_similarity__normal_rejection__descriptor_similarity.json
[135/432] photo__rwse__pca_residual__label_gate_density__descriptor_similarity__residual_norm__residual_cosine.json
[136/432] photo__rwse__pca_residual__label_gate_density__descriptor_similarity__residual_norm__descriptor_similarity.json
[137/432] photo__rwse__pca_residual__label_gate_density__descriptor_similarity__normal_soft_or__residual_cosine.json
[138/432] photo__rwse__pca_residual__label_gate_density__descriptor_similarity__normal_soft_or__descriptor_similarity.json
[139/432] photo__rwse__pca_residual__label_gate_density__reconstruction_gain__normal_rejection__residual_cosine.json
[140/432] photo__rwse__pca_residual__label_gate_density__reconstruction_gain__normal_rejection__descriptor_similarity.json
[141/432] photo__rwse__pca_residual__label_gate_density__reconstruction_gain__residual_norm__residual_cosine.json
[142/432] photo__rwse__pca_residual__label_gate_density__reconstruction_gain__residual_norm__descriptor_similarity.json
[143/432] photo__rwse__pca_residual__label_gate_density__reconstruction_gain__normal_soft_or__residual_cosine.json
[144/432] photo__rwse__pca_residual__label_gate_density__reconstruction_gain__normal_soft_or__descriptor_similarity.json
[145/432] photo__hop_attr_rwse__diag_gaussian__label_gate__descriptor_similarity__normal_rejection__residual_cosine.json
[146/432] photo__hop_attr_rwse__diag_gaussian__label_gate__descriptor_similarity__normal_rejection__descriptor_similarity.json
[147/432] photo__hop_attr_rwse__diag_gaussian__label_gate__descriptor_similarity__residual_norm__residual_cosine.json
[148/432] photo__hop_attr_rwse__diag_gaussian__label_gate__descriptor_similarity__residual_norm__descriptor_similarity.json
[149/432] photo__hop_attr_rwse__diag_gaussian__label_gate__descriptor_similarity__normal_soft_or__residual_cosine.json
[150/432] photo__hop_attr_rwse__diag_gaussian__label_gate__descriptor_similarity__normal_soft_or__descriptor_similarity.json
[151/432] photo__hop_attr_rwse__diag_gaussian__label_gate__reconstruction_gain__normal_rejection__residual_cosine.json
[152/432] photo__hop_attr_rwse__diag_gaussian__label_gate__reconstruction_gain__normal_rejection__descriptor_similarity.json
[153/432] photo__hop_attr_rwse__diag_gaussian__label_gate__reconstruction_gain__residual_norm__residual_cosine.json
[154/432] photo__hop_attr_rwse__diag_gaussian__label_gate__reconstruction_gain__residual_norm__descriptor_similarity.json
[155/432] photo__hop_attr_rwse__diag_gaussian__label_gate__reconstruction_gain__normal_soft_or__residual_cosine.json
[156/432] photo__hop_attr_rwse__diag_gaussian__label_gate__reconstruction_gain__normal_soft_or__descriptor_similarity.json
[157/432] photo__hop_attr_rwse__diag_gaussian__normal_density__descriptor_similarity__normal_rejection__residual_cosine.json
[158/432] photo__hop_attr_rwse__diag_gaussian__normal_density__descriptor_similarity__normal_rejection__descriptor_similarity.json
[159/432] photo__hop_attr_rwse__diag_gaussian__normal_density__descriptor_similarity__residual_norm__residual_cosine.json
[160/432] photo__hop_attr_rwse__diag_gaussian__normal_density__descriptor_similarity__residual_norm__descriptor_similarity.json
[161/432] photo__hop_attr_rwse__diag_gaussian__normal_density__descriptor_similarity__normal_soft_or__residual_cosine.json
[162/432] photo__hop_attr_rwse__diag_gaussian__normal_density__descriptor_similarity__normal_soft_or__descriptor_similarity.json
[163/432] photo__hop_attr_rwse__diag_gaussian__normal_density__reconstruction_gain__normal_rejection__residual_cosine.json
[164/432] photo__hop_attr_rwse__diag_gaussian__normal_density__reconstruction_gain__normal_rejection__descriptor_similarity.json
[165/432] photo__hop_attr_rwse__diag_gaussian__normal_density__reconstruction_gain__residual_norm__residual_cosine.json
[166/432] photo__hop_attr_rwse__diag_gaussian__normal_density__reconstruction_gain__residual_norm__descriptor_similarity.json
[167/432] photo__hop_attr_rwse__diag_gaussian__normal_density__reconstruction_gain__normal_soft_or__residual_cosine.json
[168/432] photo__hop_attr_rwse__diag_gaussian__normal_density__reconstruction_gain__normal_soft_or__descriptor_similarity.json
[169/432] photo__hop_attr_rwse__diag_gaussian__label_gate_density__descriptor_similarity__normal_rejection__residual_cosine.json
[170/432] photo__hop_attr_rwse__diag_gaussian__label_gate_density__descriptor_similarity__normal_rejection__descriptor_similarity.json
[171/432] photo__hop_attr_rwse__diag_gaussian__label_gate_density__descriptor_similarity__residual_norm__residual_cosine.json
[172/432] photo__hop_attr_rwse__diag_gaussian__label_gate_density__descriptor_similarity__residual_norm__descriptor_similarity.json
[173/432] photo__hop_attr_rwse__diag_gaussian__label_gate_density__descriptor_similarity__normal_soft_or__residual_cosine.json
[174/432] photo__hop_attr_rwse__diag_gaussian__label_gate_density__descriptor_similarity__normal_soft_or__descriptor_similarity.json
[175/432] photo__hop_attr_rwse__diag_gaussian__label_gate_density__reconstruction_gain__normal_rejection__residual_cosine.json
[176/432] photo__hop_attr_rwse__diag_gaussian__label_gate_density__reconstruction_gain__normal_rejection__descriptor_similarity.json
[177/432] photo__hop_attr_rwse__diag_gaussian__label_gate_density__reconstruction_gain__residual_norm__residual_cosine.json
[178/432] photo__hop_attr_rwse__diag_gaussian__label_gate_density__reconstruction_gain__residual_norm__descriptor_similarity.json
[179/432] photo__hop_attr_rwse__diag_gaussian__label_gate_density__reconstruction_gain__normal_soft_or__residual_cosine.json
[180/432] photo__hop_attr_rwse__diag_gaussian__label_gate_density__reconstruction_gain__normal_soft_or__descriptor_similarity.json
[181/432] photo__hop_attr_rwse__pca_residual__label_gate__descriptor_similarity__normal_rejection__residual_cosine.json
[182/432] photo__hop_attr_rwse__pca_residual__label_gate__descriptor_similarity__normal_rejection__descriptor_similarity.json
[183/432] photo__hop_attr_rwse__pca_residual__label_gate__descriptor_similarity__residual_norm__residual_cosine.json
[184/432] photo__hop_attr_rwse__pca_residual__label_gate__descriptor_similarity__residual_norm__descriptor_similarity.json
[185/432] photo__hop_attr_rwse__pca_residual__label_gate__descriptor_similarity__normal_soft_or__residual_cosine.json
[186/432] photo__hop_attr_rwse__pca_residual__label_gate__descriptor_similarity__normal_soft_or__descriptor_similarity.json
[187/432] photo__hop_attr_rwse__pca_residual__label_gate__reconstruction_gain__normal_rejection__residual_cosine.json
[188/432] photo__hop_attr_rwse__pca_residual__label_gate__reconstruction_gain__normal_rejection__descriptor_similarity.json
[189/432] photo__hop_attr_rwse__pca_residual__label_gate__reconstruction_gain__residual_norm__residual_cosine.json
[190/432] photo__hop_attr_rwse__pca_residual__label_gate__reconstruction_gain__residual_norm__descriptor_similarity.json
[191/432] photo__hop_attr_rwse__pca_residual__label_gate__reconstruction_gain__normal_soft_or__residual_cosine.json
[192/432] photo__hop_attr_rwse__pca_residual__label_gate__reconstruction_gain__normal_soft_or__descriptor_similarity.json
[193/432] photo__hop_attr_rwse__pca_residual__normal_density__descriptor_similarity__normal_rejection__residual_cosine.json
[194/432] photo__hop_attr_rwse__pca_residual__normal_density__descriptor_similarity__normal_rejection__descriptor_similarity.json
[195/432] photo__hop_attr_rwse__pca_residual__normal_density__descriptor_similarity__residual_norm__residual_cosine.json
[196/432] photo__hop_attr_rwse__pca_residual__normal_density__descriptor_similarity__residual_norm__descriptor_similarity.json
[197/432] photo__hop_attr_rwse__pca_residual__normal_density__descriptor_similarity__normal_soft_or__residual_cosine.json
[198/432] photo__hop_attr_rwse__pca_residual__normal_density__descriptor_similarity__normal_soft_or__descriptor_similarity.json
[199/432] photo__hop_attr_rwse__pca_residual__normal_density__reconstruction_gain__normal_rejection__residual_cosine.json
[200/432] photo__hop_attr_rwse__pca_residual__normal_density__reconstruction_gain__normal_rejection__descriptor_similarity.json
[201/432] photo__hop_attr_rwse__pca_residual__normal_density__reconstruction_gain__residual_norm__residual_cosine.json
[202/432] photo__hop_attr_rwse__pca_residual__normal_density__reconstruction_gain__residual_norm__descriptor_similarity.json
[203/432] photo__hop_attr_rwse__pca_residual__normal_density__reconstruction_gain__normal_soft_or__residual_cosine.json
[204/432] photo__hop_attr_rwse__pca_residual__normal_density__reconstruction_gain__normal_soft_or__descriptor_similarity.json
[205/432] photo__hop_attr_rwse__pca_residual__label_gate_density__descriptor_similarity__normal_rejection__residual_cosine.json
[206/432] photo__hop_attr_rwse__pca_residual__label_gate_density__descriptor_similarity__normal_rejection__descriptor_similarity.json
[207/432] photo__hop_attr_rwse__pca_residual__label_gate_density__descriptor_similarity__residual_norm__residual_cosine.json
[208/432] photo__hop_attr_rwse__pca_residual__label_gate_density__descriptor_similarity__residual_norm__descriptor_similarity.json
[209/432] photo__hop_attr_rwse__pca_residual__label_gate_density__descriptor_similarity__normal_soft_or__residual_cosine.json
[210/432] photo__hop_attr_rwse__pca_residual__label_gate_density__descriptor_similarity__normal_soft_or__descriptor_similarity.json
[211/432] photo__hop_attr_rwse__pca_residual__label_gate_density__reconstruction_gain__normal_rejection__residual_cosine.json
[212/432] photo__hop_attr_rwse__pca_residual__label_gate_density__reconstruction_gain__normal_rejection__descriptor_similarity.json
[213/432] photo__hop_attr_rwse__pca_residual__label_gate_density__reconstruction_gain__residual_norm__residual_cosine.json
[214/432] photo__hop_attr_rwse__pca_residual__label_gate_density__reconstruction_gain__residual_norm__descriptor_similarity.json
[215/432] photo__hop_attr_rwse__pca_residual__label_gate_density__reconstruction_gain__normal_soft_or__residual_cosine.json
[216/432] photo__hop_attr_rwse__pca_residual__label_gate_density__reconstruction_gain__normal_soft_or__descriptor_similarity.json
[217/432] elliptic__hop_attr__diag_gaussian__label_gate__descriptor_similarity__normal_rejection__residual_cosine.json
[218/432] elliptic__hop_attr__diag_gaussian__label_gate__descriptor_similarity__normal_rejection__descriptor_similarity.json
[219/432] elliptic__hop_attr__diag_gaussian__label_gate__descriptor_similarity__residual_norm__residual_cosine.json
[220/432] elliptic__hop_attr__diag_gaussian__label_gate__descriptor_similarity__residual_norm__descriptor_similarity.json
[221/432] elliptic__hop_attr__diag_gaussian__label_gate__descriptor_similarity__normal_soft_or__residual_cosine.json
[222/432] elliptic__hop_attr__diag_gaussian__label_gate__descriptor_similarity__normal_soft_or__descriptor_similarity.json
[223/432] elliptic__hop_attr__diag_gaussian__label_gate__reconstruction_gain__normal_rejection__residual_cosine.json
[224/432] elliptic__hop_attr__diag_gaussian__label_gate__reconstruction_gain__normal_rejection__descriptor_similarity.json
[225/432] elliptic__hop_attr__diag_gaussian__label_gate__reconstruction_gain__residual_norm__residual_cosine.json
[226/432] elliptic__hop_attr__diag_gaussian__label_gate__reconstruction_gain__residual_norm__descriptor_similarity.json
[227/432] elliptic__hop_attr__diag_gaussian__label_gate__reconstruction_gain__normal_soft_or__residual_cosine.json
[228/432] elliptic__hop_attr__diag_gaussian__label_gate__reconstruction_gain__normal_soft_or__descriptor_similarity.json
[229/432] elliptic__hop_attr__diag_gaussian__normal_density__descriptor_similarity__normal_rejection__residual_cosine.json
[230/432] elliptic__hop_attr__diag_gaussian__normal_density__descriptor_similarity__normal_rejection__descriptor_similarity.json
[231/432] elliptic__hop_attr__diag_gaussian__normal_density__descriptor_similarity__residual_norm__residual_cosine.json
[232/432] elliptic__hop_attr__diag_gaussian__normal_density__descriptor_similarity__residual_norm__descriptor_similarity.json
[233/432] elliptic__hop_attr__diag_gaussian__normal_density__descriptor_similarity__normal_soft_or__residual_cosine.json
[234/432] elliptic__hop_attr__diag_gaussian__normal_density__descriptor_similarity__normal_soft_or__descriptor_similarity.json
[235/432] elliptic__hop_attr__diag_gaussian__normal_density__reconstruction_gain__normal_rejection__residual_cosine.json
[236/432] elliptic__hop_attr__diag_gaussian__normal_density__reconstruction_gain__normal_rejection__descriptor_similarity.json
[237/432] elliptic__hop_attr__diag_gaussian__normal_density__reconstruction_gain__residual_norm__residual_cosine.json
[238/432] elliptic__hop_attr__diag_gaussian__normal_density__reconstruction_gain__residual_norm__descriptor_similarity.json
[239/432] elliptic__hop_attr__diag_gaussian__normal_density__reconstruction_gain__normal_soft_or__residual_cosine.json
[240/432] elliptic__hop_attr__diag_gaussian__normal_density__reconstruction_gain__normal_soft_or__descriptor_similarity.json
[241/432] elliptic__hop_attr__diag_gaussian__label_gate_density__descriptor_similarity__normal_rejection__residual_cosine.json
[242/432] elliptic__hop_attr__diag_gaussian__label_gate_density__descriptor_similarity__normal_rejection__descriptor_similarity.json
[243/432] elliptic__hop_attr__diag_gaussian__label_gate_density__descriptor_similarity__residual_norm__residual_cosine.json
[244/432] elliptic__hop_attr__diag_gaussian__label_gate_density__descriptor_similarity__residual_norm__descriptor_similarity.json
[245/432] elliptic__hop_attr__diag_gaussian__label_gate_density__descriptor_similarity__normal_soft_or__residual_cosine.json
[246/432] elliptic__hop_attr__diag_gaussian__label_gate_density__descriptor_similarity__normal_soft_or__descriptor_similarity.json
[247/432] elliptic__hop_attr__diag_gaussian__label_gate_density__reconstruction_gain__normal_rejection__residual_cosine.json
[248/432] elliptic__hop_attr__diag_gaussian__label_gate_density__reconstruction_gain__normal_rejection__descriptor_similarity.json
[249/432] elliptic__hop_attr__diag_gaussian__label_gate_density__reconstruction_gain__residual_norm__residual_cosine.json
[250/432] elliptic__hop_attr__diag_gaussian__label_gate_density__reconstruction_gain__residual_norm__descriptor_similarity.json
[251/432] elliptic__hop_attr__diag_gaussian__label_gate_density__reconstruction_gain__normal_soft_or__residual_cosine.json
[252/432] elliptic__hop_attr__diag_gaussian__label_gate_density__reconstruction_gain__normal_soft_or__descriptor_similarity.json
[253/432] elliptic__hop_attr__pca_residual__label_gate__descriptor_similarity__normal_rejection__residual_cosine.json
[254/432] elliptic__hop_attr__pca_residual__label_gate__descriptor_similarity__normal_rejection__descriptor_similarity.json
[255/432] elliptic__hop_attr__pca_residual__label_gate__descriptor_similarity__residual_norm__residual_cosine.json
[256/432] elliptic__hop_attr__pca_residual__label_gate__descriptor_similarity__residual_norm__descriptor_similarity.json
[257/432] elliptic__hop_attr__pca_residual__label_gate__descriptor_similarity__normal_soft_or__residual_cosine.json
[258/432] elliptic__hop_attr__pca_residual__label_gate__descriptor_similarity__normal_soft_or__descriptor_similarity.json
[259/432] elliptic__hop_attr__pca_residual__label_gate__reconstruction_gain__normal_rejection__residual_cosine.json
[260/432] elliptic__hop_attr__pca_residual__label_gate__reconstruction_gain__normal_rejection__descriptor_similarity.json
[261/432] elliptic__hop_attr__pca_residual__label_gate__reconstruction_gain__residual_norm__residual_cosine.json
[262/432] elliptic__hop_attr__pca_residual__label_gate__reconstruction_gain__residual_norm__descriptor_similarity.json
[263/432] elliptic__hop_attr__pca_residual__label_gate__reconstruction_gain__normal_soft_or__residual_cosine.json
[264/432] elliptic__hop_attr__pca_residual__label_gate__reconstruction_gain__normal_soft_or__descriptor_similarity.json
[265/432] elliptic__hop_attr__pca_residual__normal_density__descriptor_similarity__normal_rejection__residual_cosine.json
[266/432] elliptic__hop_attr__pca_residual__normal_density__descriptor_similarity__normal_rejection__descriptor_similarity.json
[267/432] elliptic__hop_attr__pca_residual__normal_density__descriptor_similarity__residual_norm__residual_cosine.json
[268/432] elliptic__hop_attr__pca_residual__normal_density__descriptor_similarity__residual_norm__descriptor_similarity.json
[269/432] elliptic__hop_attr__pca_residual__normal_density__descriptor_similarity__normal_soft_or__residual_cosine.json
[270/432] elliptic__hop_attr__pca_residual__normal_density__descriptor_similarity__normal_soft_or__descriptor_similarity.json
[271/432] elliptic__hop_attr__pca_residual__normal_density__reconstruction_gain__normal_rejection__residual_cosine.json
[272/432] elliptic__hop_attr__pca_residual__normal_density__reconstruction_gain__normal_rejection__descriptor_similarity.json
[273/432] elliptic__hop_attr__pca_residual__normal_density__reconstruction_gain__residual_norm__residual_cosine.json
[274/432] elliptic__hop_attr__pca_residual__normal_density__reconstruction_gain__residual_norm__descriptor_similarity.json
[275/432] elliptic__hop_attr__pca_residual__normal_density__reconstruction_gain__normal_soft_or__residual_cosine.json
[276/432] elliptic__hop_attr__pca_residual__normal_density__reconstruction_gain__normal_soft_or__descriptor_similarity.json
[277/432] elliptic__hop_attr__pca_residual__label_gate_density__descriptor_similarity__normal_rejection__residual_cosine.json
[278/432] elliptic__hop_attr__pca_residual__label_gate_density__descriptor_similarity__normal_rejection__descriptor_similarity.json
[279/432] elliptic__hop_attr__pca_residual__label_gate_density__descriptor_similarity__residual_norm__residual_cosine.json
[280/432] elliptic__hop_attr__pca_residual__label_gate_density__descriptor_similarity__residual_norm__descriptor_similarity.json
[281/432] elliptic__hop_attr__pca_residual__label_gate_density__descriptor_similarity__normal_soft_or__residual_cosine.json
[282/432] elliptic__hop_attr__pca_residual__label_gate_density__descriptor_similarity__normal_soft_or__descriptor_similarity.json
[283/432] elliptic__hop_attr__pca_residual__label_gate_density__reconstruction_gain__normal_rejection__residual_cosine.json
[284/432] elliptic__hop_attr__pca_residual__label_gate_density__reconstruction_gain__normal_rejection__descriptor_similarity.json
[285/432] elliptic__hop_attr__pca_residual__label_gate_density__reconstruction_gain__residual_norm__residual_cosine.json
[286/432] elliptic__hop_attr__pca_residual__label_gate_density__reconstruction_gain__residual_norm__descriptor_similarity.json
[287/432] elliptic__hop_attr__pca_residual__label_gate_density__reconstruction_gain__normal_soft_or__residual_cosine.json
[288/432] elliptic__hop_attr__pca_residual__label_gate_density__reconstruction_gain__normal_soft_or__descriptor_similarity.json
[289/432] elliptic__rwse__diag_gaussian__label_gate__descriptor_similarity__normal_rejection__residual_cosine.json
[290/432] elliptic__rwse__diag_gaussian__label_gate__descriptor_similarity__normal_rejection__descriptor_similarity.json
[291/432] elliptic__rwse__diag_gaussian__label_gate__descriptor_similarity__residual_norm__residual_cosine.json
[292/432] elliptic__rwse__diag_gaussian__label_gate__descriptor_similarity__residual_norm__descriptor_similarity.json
[293/432] elliptic__rwse__diag_gaussian__label_gate__descriptor_similarity__normal_soft_or__residual_cosine.json
[294/432] elliptic__rwse__diag_gaussian__label_gate__descriptor_similarity__normal_soft_or__descriptor_similarity.json
[295/432] elliptic__rwse__diag_gaussian__label_gate__reconstruction_gain__normal_rejection__residual_cosine.json
[296/432] elliptic__rwse__diag_gaussian__label_gate__reconstruction_gain__normal_rejection__descriptor_similarity.json
[297/432] elliptic__rwse__diag_gaussian__label_gate__reconstruction_gain__residual_norm__residual_cosine.json
[298/432] elliptic__rwse__diag_gaussian__label_gate__reconstruction_gain__residual_norm__descriptor_similarity.json
[299/432] elliptic__rwse__diag_gaussian__label_gate__reconstruction_gain__normal_soft_or__residual_cosine.json
[300/432] elliptic__rwse__diag_gaussian__label_gate__reconstruction_gain__normal_soft_or__descriptor_similarity.json
[301/432] elliptic__rwse__diag_gaussian__normal_density__descriptor_similarity__normal_rejection__residual_cosine.json
[302/432] elliptic__rwse__diag_gaussian__normal_density__descriptor_similarity__normal_rejection__descriptor_similarity.json
[303/432] elliptic__rwse__diag_gaussian__normal_density__descriptor_similarity__residual_norm__residual_cosine.json
[304/432] elliptic__rwse__diag_gaussian__normal_density__descriptor_similarity__residual_norm__descriptor_similarity.json
[305/432] elliptic__rwse__diag_gaussian__normal_density__descriptor_similarity__normal_soft_or__residual_cosine.json
[306/432] elliptic__rwse__diag_gaussian__normal_density__descriptor_similarity__normal_soft_or__descriptor_similarity.json
[307/432] elliptic__rwse__diag_gaussian__normal_density__reconstruction_gain__normal_rejection__residual_cosine.json
[308/432] elliptic__rwse__diag_gaussian__normal_density__reconstruction_gain__normal_rejection__descriptor_similarity.json
[309/432] elliptic__rwse__diag_gaussian__normal_density__reconstruction_gain__residual_norm__residual_cosine.json
[310/432] elliptic__rwse__diag_gaussian__normal_density__reconstruction_gain__residual_norm__descriptor_similarity.json
[311/432] elliptic__rwse__diag_gaussian__normal_density__reconstruction_gain__normal_soft_or__residual_cosine.json
[312/432] elliptic__rwse__diag_gaussian__normal_density__reconstruction_gain__normal_soft_or__descriptor_similarity.json
[313/432] elliptic__rwse__diag_gaussian__label_gate_density__descriptor_similarity__normal_rejection__residual_cosine.json
[314/432] elliptic__rwse__diag_gaussian__label_gate_density__descriptor_similarity__normal_rejection__descriptor_similarity.json
[315/432] elliptic__rwse__diag_gaussian__label_gate_density__descriptor_similarity__residual_norm__residual_cosine.json
[316/432] elliptic__rwse__diag_gaussian__label_gate_density__descriptor_similarity__residual_norm__descriptor_similarity.json
[317/432] elliptic__rwse__diag_gaussian__label_gate_density__descriptor_similarity__normal_soft_or__residual_cosine.json
[318/432] elliptic__rwse__diag_gaussian__label_gate_density__descriptor_similarity__normal_soft_or__descriptor_similarity.json
[319/432] elliptic__rwse__diag_gaussian__label_gate_density__reconstruction_gain__normal_rejection__residual_cosine.json
[320/432] elliptic__rwse__diag_gaussian__label_gate_density__reconstruction_gain__normal_rejection__descriptor_similarity.json
[321/432] elliptic__rwse__diag_gaussian__label_gate_density__reconstruction_gain__residual_norm__residual_cosine.json
[322/432] elliptic__rwse__diag_gaussian__label_gate_density__reconstruction_gain__residual_norm__descriptor_similarity.json
[323/432] elliptic__rwse__diag_gaussian__label_gate_density__reconstruction_gain__normal_soft_or__residual_cosine.json
[324/432] elliptic__rwse__diag_gaussian__label_gate_density__reconstruction_gain__normal_soft_or__descriptor_similarity.json
[325/432] elliptic__rwse__pca_residual__label_gate__descriptor_similarity__normal_rejection__residual_cosine.json
[326/432] elliptic__rwse__pca_residual__label_gate__descriptor_similarity__normal_rejection__descriptor_similarity.json
[327/432] elliptic__rwse__pca_residual__label_gate__descriptor_similarity__residual_norm__residual_cosine.json
[328/432] elliptic__rwse__pca_residual__label_gate__descriptor_similarity__residual_norm__descriptor_similarity.json
[329/432] elliptic__rwse__pca_residual__label_gate__descriptor_similarity__normal_soft_or__residual_cosine.json
[330/432] elliptic__rwse__pca_residual__label_gate__descriptor_similarity__normal_soft_or__descriptor_similarity.json
[331/432] elliptic__rwse__pca_residual__label_gate__reconstruction_gain__normal_rejection__residual_cosine.json
[332/432] elliptic__rwse__pca_residual__label_gate__reconstruction_gain__normal_rejection__descriptor_similarity.json
[333/432] elliptic__rwse__pca_residual__label_gate__reconstruction_gain__residual_norm__residual_cosine.json
[334/432] elliptic__rwse__pca_residual__label_gate__reconstruction_gain__residual_norm__descriptor_similarity.json
[335/432] elliptic__rwse__pca_residual__label_gate__reconstruction_gain__normal_soft_or__residual_cosine.json
[336/432] elliptic__rwse__pca_residual__label_gate__reconstruction_gain__normal_soft_or__descriptor_similarity.json
[337/432] elliptic__rwse__pca_residual__normal_density__descriptor_similarity__normal_rejection__residual_cosine.json
[338/432] elliptic__rwse__pca_residual__normal_density__descriptor_similarity__normal_rejection__descriptor_similarity.json
[339/432] elliptic__rwse__pca_residual__normal_density__descriptor_similarity__residual_norm__residual_cosine.json
[340/432] elliptic__rwse__pca_residual__normal_density__descriptor_similarity__residual_norm__descriptor_similarity.json
[341/432] elliptic__rwse__pca_residual__normal_density__descriptor_similarity__normal_soft_or__residual_cosine.json
[342/432] elliptic__rwse__pca_residual__normal_density__descriptor_similarity__normal_soft_or__descriptor_similarity.json
[343/432] elliptic__rwse__pca_residual__normal_density__reconstruction_gain__normal_rejection__residual_cosine.json
[344/432] elliptic__rwse__pca_residual__normal_density__reconstruction_gain__normal_rejection__descriptor_similarity.json
[345/432] elliptic__rwse__pca_residual__normal_density__reconstruction_gain__residual_norm__residual_cosine.json
[346/432] elliptic__rwse__pca_residual__normal_density__reconstruction_gain__residual_norm__descriptor_similarity.json
[347/432] elliptic__rwse__pca_residual__normal_density__reconstruction_gain__normal_soft_or__residual_cosine.json
[348/432] elliptic__rwse__pca_residual__normal_density__reconstruction_gain__normal_soft_or__descriptor_similarity.json
[349/432] elliptic__rwse__pca_residual__label_gate_density__descriptor_similarity__normal_rejection__residual_cosine.json
[350/432] elliptic__rwse__pca_residual__label_gate_density__descriptor_similarity__normal_rejection__descriptor_similarity.json
[351/432] elliptic__rwse__pca_residual__label_gate_density__descriptor_similarity__residual_norm__residual_cosine.json
[352/432] elliptic__rwse__pca_residual__label_gate_density__descriptor_similarity__residual_norm__descriptor_similarity.json
[353/432] elliptic__rwse__pca_residual__label_gate_density__descriptor_similarity__normal_soft_or__residual_cosine.json
[354/432] elliptic__rwse__pca_residual__label_gate_density__descriptor_similarity__normal_soft_or__descriptor_similarity.json
[355/432] elliptic__rwse__pca_residual__label_gate_density__reconstruction_gain__normal_rejection__residual_cosine.json
[356/432] elliptic__rwse__pca_residual__label_gate_density__reconstruction_gain__normal_rejection__descriptor_similarity.json
[357/432] elliptic__rwse__pca_residual__label_gate_density__reconstruction_gain__residual_norm__residual_cosine.json
[358/432] elliptic__rwse__pca_residual__label_gate_density__reconstruction_gain__residual_norm__descriptor_similarity.json
[359/432] elliptic__rwse__pca_residual__label_gate_density__reconstruction_gain__normal_soft_or__residual_cosine.json
[360/432] elliptic__rwse__pca_residual__label_gate_density__reconstruction_gain__normal_soft_or__descriptor_similarity.json
[361/432] elliptic__hop_attr_rwse__diag_gaussian__label_gate__descriptor_similarity__normal_rejection__residual_cosine.json
[362/432] elliptic__hop_attr_rwse__diag_gaussian__label_gate__descriptor_similarity__normal_rejection__descriptor_similarity.json
[363/432] elliptic__hop_attr_rwse__diag_gaussian__label_gate__descriptor_similarity__residual_norm__residual_cosine.json
[364/432] elliptic__hop_attr_rwse__diag_gaussian__label_gate__descriptor_similarity__residual_norm__descriptor_similarity.json
[365/432] elliptic__hop_attr_rwse__diag_gaussian__label_gate__descriptor_similarity__normal_soft_or__residual_cosine.json
[366/432] elliptic__hop_attr_rwse__diag_gaussian__label_gate__descriptor_similarity__normal_soft_or__descriptor_similarity.json
[367/432] elliptic__hop_attr_rwse__diag_gaussian__label_gate__reconstruction_gain__normal_rejection__residual_cosine.json
[368/432] elliptic__hop_attr_rwse__diag_gaussian__label_gate__reconstruction_gain__normal_rejection__descriptor_similarity.json
[369/432] elliptic__hop_attr_rwse__diag_gaussian__label_gate__reconstruction_gain__residual_norm__residual_cosine.json
[370/432] elliptic__hop_attr_rwse__diag_gaussian__label_gate__reconstruction_gain__residual_norm__descriptor_similarity.json
[371/432] elliptic__hop_attr_rwse__diag_gaussian__label_gate__reconstruction_gain__normal_soft_or__residual_cosine.json
[372/432] elliptic__hop_attr_rwse__diag_gaussian__label_gate__reconstruction_gain__normal_soft_or__descriptor_similarity.json
[373/432] elliptic__hop_attr_rwse__diag_gaussian__normal_density__descriptor_similarity__normal_rejection__residual_cosine.json
[374/432] elliptic__hop_attr_rwse__diag_gaussian__normal_density__descriptor_similarity__normal_rejection__descriptor_similarity.json
[375/432] elliptic__hop_attr_rwse__diag_gaussian__normal_density__descriptor_similarity__residual_norm__residual_cosine.json
[376/432] elliptic__hop_attr_rwse__diag_gaussian__normal_density__descriptor_similarity__residual_norm__descriptor_similarity.json
[377/432] elliptic__hop_attr_rwse__diag_gaussian__normal_density__descriptor_similarity__normal_soft_or__residual_cosine.json
[378/432] elliptic__hop_attr_rwse__diag_gaussian__normal_density__descriptor_similarity__normal_soft_or__descriptor_similarity.json
[379/432] elliptic__hop_attr_rwse__diag_gaussian__normal_density__reconstruction_gain__normal_rejection__residual_cosine.json
[380/432] elliptic__hop_attr_rwse__diag_gaussian__normal_density__reconstruction_gain__normal_rejection__descriptor_similarity.json
[381/432] elliptic__hop_attr_rwse__diag_gaussian__normal_density__reconstruction_gain__residual_norm__residual_cosine.json
[382/432] elliptic__hop_attr_rwse__diag_gaussian__normal_density__reconstruction_gain__residual_norm__descriptor_similarity.json
[383/432] elliptic__hop_attr_rwse__diag_gaussian__normal_density__reconstruction_gain__normal_soft_or__residual_cosine.json
[384/432] elliptic__hop_attr_rwse__diag_gaussian__normal_density__reconstruction_gain__normal_soft_or__descriptor_similarity.json
[385/432] elliptic__hop_attr_rwse__diag_gaussian__label_gate_density__descriptor_similarity__normal_rejection__residual_cosine.json
[386/432] elliptic__hop_attr_rwse__diag_gaussian__label_gate_density__descriptor_similarity__normal_rejection__descriptor_similarity.json
[387/432] elliptic__hop_attr_rwse__diag_gaussian__label_gate_density__descriptor_similarity__residual_norm__residual_cosine.json
[388/432] elliptic__hop_attr_rwse__diag_gaussian__label_gate_density__descriptor_similarity__residual_norm__descriptor_similarity.json
[389/432] elliptic__hop_attr_rwse__diag_gaussian__label_gate_density__descriptor_similarity__normal_soft_or__residual_cosine.json
[390/432] elliptic__hop_attr_rwse__diag_gaussian__label_gate_density__descriptor_similarity__normal_soft_or__descriptor_similarity.json
[391/432] elliptic__hop_attr_rwse__diag_gaussian__label_gate_density__reconstruction_gain__normal_rejection__residual_cosine.json
[392/432] elliptic__hop_attr_rwse__diag_gaussian__label_gate_density__reconstruction_gain__normal_rejection__descriptor_similarity.json
[393/432] elliptic__hop_attr_rwse__diag_gaussian__label_gate_density__reconstruction_gain__residual_norm__residual_cosine.json
[394/432] elliptic__hop_attr_rwse__diag_gaussian__label_gate_density__reconstruction_gain__residual_norm__descriptor_similarity.json
[395/432] elliptic__hop_attr_rwse__diag_gaussian__label_gate_density__reconstruction_gain__normal_soft_or__residual_cosine.json
[396/432] elliptic__hop_attr_rwse__diag_gaussian__label_gate_density__reconstruction_gain__normal_soft_or__descriptor_similarity.json
[397/432] elliptic__hop_attr_rwse__pca_residual__label_gate__descriptor_similarity__normal_rejection__residual_cosine.json
[398/432] elliptic__hop_attr_rwse__pca_residual__label_gate__descriptor_similarity__normal_rejection__descriptor_similarity.json
[399/432] elliptic__hop_attr_rwse__pca_residual__label_gate__descriptor_similarity__residual_norm__residual_cosine.json
[400/432] elliptic__hop_attr_rwse__pca_residual__label_gate__descriptor_similarity__residual_norm__descriptor_similarity.json
[401/432] elliptic__hop_attr_rwse__pca_residual__label_gate__descriptor_similarity__normal_soft_or__residual_cosine.json
[402/432] elliptic__hop_attr_rwse__pca_residual__label_gate__descriptor_similarity__normal_soft_or__descriptor_similarity.json
[403/432] elliptic__hop_attr_rwse__pca_residual__label_gate__reconstruction_gain__normal_rejection__residual_cosine.json
[404/432] elliptic__hop_attr_rwse__pca_residual__label_gate__reconstruction_gain__normal_rejection__descriptor_similarity.json
[405/432] elliptic__hop_attr_rwse__pca_residual__label_gate__reconstruction_gain__residual_norm__residual_cosine.json
[406/432] elliptic__hop_attr_rwse__pca_residual__label_gate__reconstruction_gain__residual_norm__descriptor_similarity.json
[407/432] elliptic__hop_attr_rwse__pca_residual__label_gate__reconstruction_gain__normal_soft_or__residual_cosine.json
[408/432] elliptic__hop_attr_rwse__pca_residual__label_gate__reconstruction_gain__normal_soft_or__descriptor_similarity.json
[409/432] elliptic__hop_attr_rwse__pca_residual__normal_density__descriptor_similarity__normal_rejection__residual_cosine.json
[410/432] elliptic__hop_attr_rwse__pca_residual__normal_density__descriptor_similarity__normal_rejection__descriptor_similarity.json
[411/432] elliptic__hop_attr_rwse__pca_residual__normal_density__descriptor_similarity__residual_norm__residual_cosine.json
[412/432] elliptic__hop_attr_rwse__pca_residual__normal_density__descriptor_similarity__residual_norm__descriptor_similarity.json
[413/432] elliptic__hop_attr_rwse__pca_residual__normal_density__descriptor_similarity__normal_soft_or__residual_cosine.json
[414/432] elliptic__hop_attr_rwse__pca_residual__normal_density__descriptor_similarity__normal_soft_or__descriptor_similarity.json
[415/432] elliptic__hop_attr_rwse__pca_residual__normal_density__reconstruction_gain__normal_rejection__residual_cosine.json
[416/432] elliptic__hop_attr_rwse__pca_residual__normal_density__reconstruction_gain__normal_rejection__descriptor_similarity.json
[417/432] elliptic__hop_attr_rwse__pca_residual__normal_density__reconstruction_gain__residual_norm__residual_cosine.json
[418/432] elliptic__hop_attr_rwse__pca_residual__normal_density__reconstruction_gain__residual_norm__descriptor_similarity.json
[419/432] elliptic__hop_attr_rwse__pca_residual__normal_density__reconstruction_gain__normal_soft_or__residual_cosine.json
[420/432] elliptic__hop_attr_rwse__pca_residual__normal_density__reconstruction_gain__normal_soft_or__descriptor_similarity.json
[421/432] elliptic__hop_attr_rwse__pca_residual__label_gate_density__descriptor_similarity__normal_rejection__residual_cosine.json
[422/432] elliptic__hop_attr_rwse__pca_residual__label_gate_density__descriptor_similarity__normal_rejection__descriptor_similarity.json
[423/432] elliptic__hop_attr_rwse__pca_residual__label_gate_density__descriptor_similarity__residual_norm__residual_cosine.json
[424/432] elliptic__hop_attr_rwse__pca_residual__label_gate_density__descriptor_similarity__residual_norm__descriptor_similarity.json
[425/432] elliptic__hop_attr_rwse__pca_residual__label_gate_density__descriptor_similarity__normal_soft_or__residual_cosine.json
[426/432] elliptic__hop_attr_rwse__pca_residual__label_gate_density__descriptor_similarity__normal_soft_or__descriptor_similarity.json
[427/432] elliptic__hop_attr_rwse__pca_residual__label_gate_density__reconstruction_gain__normal_rejection__residual_cosine.json
[428/432] elliptic__hop_attr_rwse__pca_residual__label_gate_density__reconstruction_gain__normal_rejection__descriptor_similarity.json
[429/432] elliptic__hop_attr_rwse__pca_residual__label_gate_density__reconstruction_gain__residual_norm__residual_cosine.json
[430/432] elliptic__hop_attr_rwse__pca_residual__label_gate_density__reconstruction_gain__residual_norm__descriptor_similarity.json
[431/432] elliptic__hop_attr_rwse__pca_residual__label_gate_density__reconstruction_gain__normal_soft_or__residual_cosine.json
[432/432] elliptic__hop_attr_rwse__pca_residual__label_gate_density__reconstruction_gain__normal_soft_or__descriptor_similarity.json
ALL_DONE /root/gpufree-data/linziyao/VoxG/nexus/investigations/2026-04-27-global-ga-score/experiments/outputs/tokenization_theory_probe/grid/summary.json elapsed 60433.92608356476
