usage: run_tokenization_theory_gt_v4_refguided.py [-h] --dataset DATASET
                                                  [--device DEVICE]
                                                  [--seed SEED]
                                                  [--train_rate TRAIN_RATE]
                                                  [--num_epoch NUM_EPOCH]
                                                  [--descriptor_mode {hop_attr,rwse,hop_attr_rwse}]
                                                  [--pn_estimator {diag_gaussian,pca_residual}]
                                                  [--gn_mode {label_gate,normal_density,label_gate_density}]
                                                  [--ln_mode {descriptor_similarity,reconstruction_gain}]
                                                  [--ga_mode {normal_rejection,residual_norm,normal_soft_or}]
                                                  [--la_mode {residual_cosine,descriptor_similarity}]
                                                  [--reference_mode REFERENCE_MODE]
                                                  [--ablation_mode {full,no_ra,shuffled_ra,fixed_labeled_normal}]
                                                  [--normal_k NORMAL_K]
                                                  [--anom_k ANOM_K]
                                                  [--pp_k PP_K] [--hops HOPS]
                                                  [--rw_steps RW_STEPS]
                                                  [--pca_components PCA_COMPONENTS]
                                                  [--lr LR]
                                                  [--weight_decay WEIGHT_DECAY]
                                                  [--pseudo_beta PSEUDO_BETA]
                                                  [--pseudo_noise PSEUDO_NOISE]
                                                  [--embedding_dim EMBEDDING_DIM]
                                                  [--GT_ffn_dim GT_FFN_DIM]
                                                  [--GT_dropout GT_DROPOUT]
                                                  [--GT_attention_dropout GT_ATTENTION_DROPOUT]
                                                  [--GT_num_heads GT_NUM_HEADS]
                                                  [--GT_num_layers GT_NUM_LAYERS]
                                                  [--sample_rate SAMPLE_RATE]
                                                  [--mean MEAN] [--var VAR]
                                                  [--outlier_beta OUTLIER_BETA]
                                                  [--ring_R_max RING_R_MAX]
                                                  [--ring_R_min RING_R_MIN]
                                                  [--lambda_rec_tok LAMBDA_REC_TOK]
                                                  [--lambda_rec_emb LAMBDA_REC_EMB]
                                                  [--encode_batch_size ENCODE_BATCH_SIZE]
                                                  [--wandb WANDB] [--dry_run]
                                                  [--out OUT]
run_tokenization_theory_gt_v4_refguided.py: error: unrecognized arguments: --objective_mode ref_guided
